Traceback (most recent call last):
  File "rings/manage.py", line 60, in <module>
    start_instance(settings)
  File "rings/manage.py", line 22, in start_instance
    http_server.listen(settings["TORNADO"]["port"])
  File "/Users/joaquin/Documents/wikilife/workspace/wikilife_env/lib/python2.7/site-packages/tornado/httpserver.py", line 164, in listen
    self.bind(port, address)
  File "/Users/joaquin/Documents/wikilife/workspace/wikilife_env/lib/python2.7/site-packages/tornado/httpserver.py", line 187, in bind
    0, socket.AI_PASSIVE | socket.AI_ADDRCONFIG):
socket.gaierror: [Errno 8] nodename nor servname provided, or not known
WARNING:root:404 GET /favicon.ico (::1) 0.59ms
WARNING:root:404 GET /favicon.ico (::1) 0.63ms
WARNING:root:404 GET /favicon.ico (::1) 0.40ms
WARNING:root:404 GET /favicon.ico (::1) 0.40ms
WARNING:root:404 GET /static/jquery.dropotron.min.js (::1) 0.54ms
WARNING:root:404 GET /static/jquery.min.js (::1) 0.34ms
WARNING:root:404 GET /Escape%20Velocity%20by%20HTML5%20UP_files/style.css (::1) 0.28ms
WARNING:root:404 GET /Escape%20Velocity%20by%20HTML5%20UP_files/style-desktop.css (::1) 0.40ms
WARNING:root:404 GET /static/config.js (::1) 1.73ms
WARNING:root:404 GET /Escape%20Velocity%20by%20HTML5%20UP_files/skel.min.js (::1) 0.34ms
WARNING:root:404 GET /static/skel-panels.min.js (::1) 0.45ms
WARNING:root:404 GET /Escape%20Velocity%20by%20HTML5%20UP_files/pic01.jpg (::1) 0.22ms
WARNING:root:404 GET /Escape%20Velocity%20by%20HTML5%20UP_files/pic02.jpg (::1) 0.29ms
WARNING:root:404 GET /Escape%20Velocity%20by%20HTML5%20UP_files/pic03.jpg (::1) 0.28ms
WARNING:root:404 GET /Escape%20Velocity%20by%20HTML5%20UP_files/pic04.jpg (::1) 0.27ms
WARNING:root:404 GET /Escape%20Velocity%20by%20HTML5%20UP_files/pic02.jpg (::1) 0.28ms
WARNING:root:404 GET /Escape%20Velocity%20by%20HTML5%20UP_files/pic01.jpg (::1) 0.20ms
WARNING:root:404 GET /Escape%20Velocity%20by%20HTML5%20UP_files/pic03.jpg (::1) 0.19ms
WARNING:root:404 GET /Escape%20Velocity%20by%20HTML5%20UP_files/pic04.jpg (::1) 0.18ms
INFO:rings:{'csrftoken': 'mk0q07QaeWPQuTjDq3oqIf77fdSDSbgr', '_popup': '1'}
WARNING:root:404 GET /Escape%20Velocity%20by%20HTML5%20UP_files/style-desktop.css (::1) 0.27ms
WARNING:root:404 GET /Escape%20Velocity%20by%20HTML5%20UP_files/style.css (::1) 0.19ms
WARNING:root:404 GET /Escape%20Velocity%20by%20HTML5%20UP_files/skel.min.js (::1) 0.40ms
WARNING:root:404 GET /Escape%20Velocity%20by%20HTML5%20UP_files/pic01.jpg (::1) 84.41ms
WARNING:root:404 GET /Escape%20Velocity%20by%20HTML5%20UP_files/pic04.jpg (::1) 0.28ms
WARNING:root:404 GET /Escape%20Velocity%20by%20HTML5%20UP_files/pic03.jpg (::1) 0.19ms
WARNING:root:404 GET /Escape%20Velocity%20by%20HTML5%20UP_files/pic02.jpg (::1) 0.20ms
INFO:rings:{'csrftoken': 'mk0q07QaeWPQuTjDq3oqIf77fdSDSbgr', '_popup': '1'}
WARNING:root:404 GET /Escape%20Velocity%20by%20HTML5%20UP_files/pic01.jpg (::1) 1.04ms
WARNING:root:404 GET /Escape%20Velocity%20by%20HTML5%20UP_files/skel.min.js (::1) 0.20ms
WARNING:root:404 GET /Escape%20Velocity%20by%20HTML5%20UP_files/style-desktop.css (::1) 0.32ms
WARNING:root:404 GET /Escape%20Velocity%20by%20HTML5%20UP_files/style.css (::1) 0.19ms
WARNING:root:404 GET /Escape%20Velocity%20by%20HTML5%20UP_files/pic03.jpg (::1) 0.28ms
WARNING:root:404 GET /Escape%20Velocity%20by%20HTML5%20UP_files/pic04.jpg (::1) 41.53ms
WARNING:root:404 GET /Escape%20Velocity%20by%20HTML5%20UP_files/pic02.jpg (::1) 0.39ms
INFO:rings:{'csrftoken': 'mk0q07QaeWPQuTjDq3oqIf77fdSDSbgr', '_popup': '1'}
WARNING:root:404 GET /Escape%20Velocity%20by%20HTML5%20UP_files/skel.min.js (::1) 0.27ms
WARNING:root:404 GET /static/css/skel-noscript.css (::1) 0.74ms
WARNING:root:404 GET /Escape%20Velocity%20by%20HTML5%20UP_files/style-desktop.css (::1) 0.20ms
WARNING:root:404 GET /Escape%20Velocity%20by%20HTML5%20UP_files/style.css (::1) 0.27ms
WARNING:root:404 GET /Escape%20Velocity%20by%20HTML5%20UP_files/pic01.jpg (::1) 0.37ms
WARNING:root:404 GET /Escape%20Velocity%20by%20HTML5%20UP_files/pic03.jpg (::1) 0.20ms
WARNING:root:404 GET /Escape%20Velocity%20by%20HTML5%20UP_files/pic02.jpg (::1) 0.19ms
WARNING:root:404 GET /Escape%20Velocity%20by%20HTML5%20UP_files/pic04.jpg (::1) 0.19ms
WARNING:root:404 GET /static/images/banner.jpg (::1) 0.44ms
WARNING:root:404 GET /static/css/images/overlay.png (::1) 0.36ms
WARNING:root:404 GET /static/css/images/shadow.png (::1) 0.42ms
WARNING:root:404 GET /static/css/font/fontawesome-webfont.woff?v=4.0.1 (::1) 0.45ms
WARNING:root:404 GET /static/css/font/fontawesome-webfont.ttf?v=4.0.1 (::1) 0.43ms
WARNING:root:404 GET /static/css/font/fontawesome-webfont.svg?v=4.0.1 (::1) 88.77ms
INFO:rings:{'csrftoken': 'mk0q07QaeWPQuTjDq3oqIf77fdSDSbgr', '_popup': '1'}
WARNING:root:404 GET /Escape%20Velocity%20by%20HTML5%20UP_files/style.css (::1) 0.34ms
WARNING:root:404 GET /static/css/skel-noscript.css (::1) 0.37ms
WARNING:root:404 GET /Escape%20Velocity%20by%20HTML5%20UP_files/skel.min.js (::1) 0.21ms
WARNING:root:404 GET /Escape%20Velocity%20by%20HTML5%20UP_files/pic01.jpg (::1) 0.20ms
WARNING:root:404 GET /Escape%20Velocity%20by%20HTML5%20UP_files/style-desktop.css (::1) 0.22ms
WARNING:root:404 GET /Escape%20Velocity%20by%20HTML5%20UP_files/pic03.jpg (::1) 0.29ms
WARNING:root:404 GET /Escape%20Velocity%20by%20HTML5%20UP_files/pic02.jpg (::1) 0.20ms
WARNING:root:404 GET /Escape%20Velocity%20by%20HTML5%20UP_files/pic04.jpg (::1) 0.20ms
INFO:rings:{'__utma': '111872281.1767155722.1382641638.1382649963.1382724049.4', '__utmz': '111872281.1382641638.1.1.utmcsr=(direct)|utmccn=(direct)|utmcmd=(none)'}
WARNING:root:404 GET /Escape%20Velocity%20by%20HTML5%20UP_files/style.css (::1) 0.31ms
WARNING:root:404 GET /Escape%20Velocity%20by%20HTML5%20UP_files/style-desktop.css (::1) 0.70ms
WARNING:root:404 GET /Escape%20Velocity%20by%20HTML5%20UP_files/skel.min.js (::1) 0.33ms
WARNING:root:404 GET /static/css/skel-noscript.css (::1) 0.38ms
WARNING:root:404 GET /Escape%20Velocity%20by%20HTML5%20UP_files/pic02.jpg (::1) 0.22ms
WARNING:root:404 GET /Escape%20Velocity%20by%20HTML5%20UP_files/pic03.jpg (::1) 0.19ms
WARNING:root:404 GET /Escape%20Velocity%20by%20HTML5%20UP_files/pic01.jpg (::1) 0.21ms
WARNING:root:404 GET /Escape%20Velocity%20by%20HTML5%20UP_files/pic04.jpg (::1) 0.27ms
WARNING:root:404 GET /Escape%20Velocity%20by%20HTML5%20UP_files/style-desktop.css (::1) 0.29ms
WARNING:root:404 GET /Escape%20Velocity%20by%20HTML5%20UP_files/style.css (::1) 0.21ms
WARNING:root:404 GET /Escape%20Velocity%20by%20HTML5%20UP_files/skel.min.js (::1) 0.25ms
WARNING:root:404 GET /static/css/skel-noscript.css (::1) 1.06ms
WARNING:root:404 GET /Escape%20Velocity%20by%20HTML5%20UP_files/pic01.jpg (::1) 0.22ms
WARNING:root:404 GET /Escape%20Velocity%20by%20HTML5%20UP_files/pic03.jpg (::1) 0.24ms
WARNING:root:404 GET /Escape%20Velocity%20by%20HTML5%20UP_files/pic02.jpg (::1) 0.19ms
WARNING:root:404 GET /Escape%20Velocity%20by%20HTML5%20UP_files/pic04.jpg (::1) 0.18ms
WARNING:root:404 GET /static/images/overlay.png (::1) 0.43ms
WARNING:root:404 GET /static/css/images/shadow.png (::1) 0.28ms
WARNING:root:404 GET /static/css/images/overlay.png (::1) 0.27ms
WARNING:root:404 GET /static/images/banner.jpg (::1) 0.28ms
WARNING:root:404 GET /static/images/shadow.png (::1) 1.48ms
WARNING:root:404 GET /static/css/font/fontawesome-webfont.woff?v=4.0.1 (::1) 0.35ms
WARNING:root:404 GET /static/css/font/fontawesome-webfont.ttf?v=4.0.1 (::1) 0.43ms
INFO:rings:{'__utma': '111872281.1767155722.1382641638.1382649963.1382724049.4', '__utmz': '111872281.1382641638.1.1.utmcsr=(direct)|utmccn=(direct)|utmcmd=(none)'}
WARNING:root:404 GET /Escape%20Velocity%20by%20HTML5%20UP_files/style-desktop.css (::1) 0.27ms
WARNING:root:404 GET /Escape%20Velocity%20by%20HTML5%20UP_files/skel.min.js (::1) 0.22ms
WARNING:root:404 GET /static/css/skel-noscript.css (::1) 0.36ms
WARNING:root:404 GET /Escape%20Velocity%20by%20HTML5%20UP_files/style.css (::1) 0.20ms
WARNING:root:404 GET /Escape%20Velocity%20by%20HTML5%20UP_files/pic02.jpg (::1) 0.25ms
WARNING:root:404 GET /Escape%20Velocity%20by%20HTML5%20UP_files/pic01.jpg (::1) 0.20ms
WARNING:root:404 GET /Escape%20Velocity%20by%20HTML5%20UP_files/pic03.jpg (::1) 0.24ms
WARNING:root:404 GET /Escape%20Velocity%20by%20HTML5%20UP_files/pic04.jpg (::1) 0.22ms
WARNING:root:404 GET /Escape%20Velocity%20by%20HTML5%20UP_files/style-desktop.css (::1) 0.27ms
WARNING:root:404 GET /Escape%20Velocity%20by%20HTML5%20UP_files/style.css (::1) 0.21ms
WARNING:root:404 GET /Escape%20Velocity%20by%20HTML5%20UP_files/skel.min.js (::1) 0.21ms
WARNING:root:404 GET /static/css/skel-noscript.css (::1) 0.40ms
WARNING:root:404 GET /Escape%20Velocity%20by%20HTML5%20UP_files/pic03.jpg (::1) 0.95ms
WARNING:root:404 GET /Escape%20Velocity%20by%20HTML5%20UP_files/pic01.jpg (::1) 0.20ms
WARNING:root:404 GET /Escape%20Velocity%20by%20HTML5%20UP_files/pic04.jpg (::1) 0.19ms
WARNING:root:404 GET /Escape%20Velocity%20by%20HTML5%20UP_files/pic02.jpg (::1) 0.19ms
WARNING:root:404 GET /static/images/banner.jpg (::1) 0.40ms
WARNING:root:404 GET /static/images/overlay.png (::1) 0.35ms
WARNING:root:404 GET /static/css/images/overlay.png (::1) 0.35ms
WARNING:root:404 GET /static/css/images/shadow.png (::1) 0.35ms
WARNING:root:404 GET /static/images/shadow.png (::1) 0.36ms
WARNING:root:404 GET /static/css/font/fontawesome-webfont.woff?v=4.0.1 (::1) 0.38ms
WARNING:root:404 GET /static/css/font/fontawesome-webfont.ttf?v=4.0.1 (::1) 0.44ms
WARNING:root:404 GET /static/css/images/overlay.png (::1) 0.41ms
INFO:rings:{'__utma': '111872281.1767155722.1382641638.1382649963.1382724049.4', '__utmz': '111872281.1382641638.1.1.utmcsr=(direct)|utmccn=(direct)|utmcmd=(none)'}
WARNING:root:404 GET /Escape%20Velocity%20by%20HTML5%20UP_files/style.css (::1) 0.21ms
WARNING:root:404 GET /Escape%20Velocity%20by%20HTML5%20UP_files/style-desktop.css (::1) 0.29ms
WARNING:root:404 GET /Escape%20Velocity%20by%20HTML5%20UP_files/skel.min.js (::1) 0.25ms
WARNING:root:404 GET /static/css/skel-noscript.css (::1) 0.33ms
WARNING:root:404 GET /Escape%20Velocity%20by%20HTML5%20UP_files/pic04.jpg (::1) 0.29ms
WARNING:root:404 GET /Escape%20Velocity%20by%20HTML5%20UP_files/pic02.jpg (::1) 0.22ms
WARNING:root:404 GET /Escape%20Velocity%20by%20HTML5%20UP_files/pic03.jpg (::1) 0.19ms
WARNING:root:404 GET /Escape%20Velocity%20by%20HTML5%20UP_files/pic01.jpg (::1) 0.30ms
WARNING:root:404 GET /Escape%20Velocity%20by%20HTML5%20UP_files/style.css (::1) 0.29ms
WARNING:root:404 GET /Escape%20Velocity%20by%20HTML5%20UP_files/style-desktop.css (::1) 0.22ms
WARNING:root:404 GET /Escape%20Velocity%20by%20HTML5%20UP_files/skel.min.js (::1) 0.24ms
WARNING:root:404 GET /static/css/skel-noscript.css (::1) 0.80ms
WARNING:root:404 GET /Escape%20Velocity%20by%20HTML5%20UP_files/pic04.jpg (::1) 0.26ms
WARNING:root:404 GET /Escape%20Velocity%20by%20HTML5%20UP_files/pic02.jpg (::1) 0.22ms
WARNING:root:404 GET /Escape%20Velocity%20by%20HTML5%20UP_files/pic03.jpg (::1) 0.37ms
WARNING:root:404 GET /Escape%20Velocity%20by%20HTML5%20UP_files/pic01.jpg (::1) 0.22ms
WARNING:root:404 GET /static/images/banner.jpg (::1) 0.42ms
WARNING:root:404 GET /static/images/overlay.png (::1) 0.32ms
WARNING:root:404 GET /static/css/images/overlay.png (::1) 0.50ms
WARNING:root:404 GET /static/css/images/shadow.png (::1) 0.39ms
WARNING:root:404 GET /static/images/shadow.png (::1) 0.55ms
WARNING:root:404 GET /static/css/font/fontawesome-webfont.woff?v=4.0.1 (::1) 0.40ms
WARNING:root:404 GET /static/css/font/fontawesome-webfont.ttf?v=4.0.1 (::1) 0.51ms
INFO:rings:{'__utma': '111872281.1767155722.1382641638.1382649963.1382724049.4', '__utmz': '111872281.1382641638.1.1.utmcsr=(direct)|utmccn=(direct)|utmcmd=(none)'}
WARNING:root:404 GET /Escape%20Velocity%20by%20HTML5%20UP_files/style.css (::1) 0.37ms
WARNING:root:404 GET /Escape%20Velocity%20by%20HTML5%20UP_files/style-desktop.css (::1) 0.67ms
WARNING:root:404 GET /Escape%20Velocity%20by%20HTML5%20UP_files/skel.min.js (::1) 0.23ms
WARNING:root:404 GET /static/css/skel-noscript.css (::1) 0.45ms
WARNING:root:404 GET /Escape%20Velocity%20by%20HTML5%20UP_files/pic01.jpg (::1) 0.24ms
WARNING:root:404 GET /Escape%20Velocity%20by%20HTML5%20UP_files/pic02.jpg (::1) 0.20ms
WARNING:root:404 GET /Escape%20Velocity%20by%20HTML5%20UP_files/pic03.jpg (::1) 0.19ms
WARNING:root:404 GET /Escape%20Velocity%20by%20HTML5%20UP_files/pic04.jpg (::1) 0.19ms
WARNING:root:404 GET /Escape%20Velocity%20by%20HTML5%20UP_files/style.css (::1) 0.27ms
WARNING:root:404 GET /Escape%20Velocity%20by%20HTML5%20UP_files/style-desktop.css (::1) 0.30ms
WARNING:root:404 GET /Escape%20Velocity%20by%20HTML5%20UP_files/skel.min.js (::1) 0.23ms
WARNING:root:404 GET /static/css/skel-noscript.css (::1) 0.41ms
WARNING:root:404 GET /Escape%20Velocity%20by%20HTML5%20UP_files/pic01.jpg (::1) 0.22ms
WARNING:root:404 GET /Escape%20Velocity%20by%20HTML5%20UP_files/pic04.jpg (::1) 0.23ms
WARNING:root:404 GET /Escape%20Velocity%20by%20HTML5%20UP_files/pic03.jpg (::1) 0.19ms
WARNING:root:404 GET /Escape%20Velocity%20by%20HTML5%20UP_files/pic02.jpg (::1) 0.19ms
WARNING:root:404 GET /static/images/banner.jpg (::1) 0.54ms
WARNING:root:404 GET /static/images/overlay.png (::1) 0.49ms
WARNING:root:404 GET /static/css/images/overlay.png (::1) 0.37ms
WARNING:root:404 GET /static/css/images/shadow.png (::1) 0.40ms
WARNING:root:404 GET /static/images/shadow.png (::1) 0.40ms
WARNING:root:404 GET /static/css/font/fontawesome-webfont.woff?v=4.0.1 (::1) 0.40ms
WARNING:root:404 GET /static/css/font/fontawesome-webfont.ttf?v=4.0.1 (::1) 0.65ms
INFO:rings:{'__utma': '111872281.1767155722.1382641638.1382649963.1382724049.4', '__utmz': '111872281.1382641638.1.1.utmcsr=(direct)|utmccn=(direct)|utmcmd=(none)'}
WARNING:root:404 GET /Escape%20Velocity%20by%20HTML5%20UP_files/style.css (::1) 0.23ms
WARNING:root:404 GET /Escape%20Velocity%20by%20HTML5%20UP_files/skel.min.js (::1) 0.21ms
WARNING:root:404 GET /Escape%20Velocity%20by%20HTML5%20UP_files/style-desktop.css (::1) 0.20ms
WARNING:root:404 GET /static/css/skel-noscript.css (::1) 0.31ms
WARNING:root:404 GET /Escape%20Velocity%20by%20HTML5%20UP_files/pic02.jpg (::1) 0.39ms
WARNING:root:404 GET /Escape%20Velocity%20by%20HTML5%20UP_files/pic01.jpg (::1) 5.91ms
WARNING:root:404 GET /Escape%20Velocity%20by%20HTML5%20UP_files/pic03.jpg (::1) 0.28ms
WARNING:root:404 GET /Escape%20Velocity%20by%20HTML5%20UP_files/pic04.jpg (::1) 0.20ms
WARNING:root:404 GET /Escape%20Velocity%20by%20HTML5%20UP_files/style.css (::1) 0.27ms
WARNING:root:404 GET /Escape%20Velocity%20by%20HTML5%20UP_files/style-desktop.css (::1) 0.22ms
WARNING:root:404 GET /Escape%20Velocity%20by%20HTML5%20UP_files/skel.min.js (::1) 0.20ms
WARNING:root:404 GET /static/css/skel-noscript.css (::1) 0.41ms
WARNING:root:404 GET /Escape%20Velocity%20by%20HTML5%20UP_files/pic03.jpg (::1) 0.24ms
WARNING:root:404 GET /Escape%20Velocity%20by%20HTML5%20UP_files/pic04.jpg (::1) 0.20ms
WARNING:root:404 GET /Escape%20Velocity%20by%20HTML5%20UP_files/pic01.jpg (::1) 0.22ms
WARNING:root:404 GET /Escape%20Velocity%20by%20HTML5%20UP_files/pic02.jpg (::1) 2.03ms
WARNING:root:404 GET /static/images/banner.jpg (::1) 1.03ms
WARNING:root:404 GET /static/images/overlay.png (::1) 0.38ms
WARNING:root:404 GET /statc/images/logo_f.png (::1) 0.37ms
WARNING:root:404 GET /static/css/images/overlay.png (::1) 42.56ms
WARNING:root:404 GET /static/css/font/fontawesome-webfont.woff?v=4.0.1 (::1) 0.43ms
WARNING:root:404 GET /static/css/images/shadow.png (::1) 0.36ms
WARNING:root:404 GET /static/images/shadow.png (::1) 0.35ms
WARNING:root:404 GET /static/css/font/fontawesome-webfont.ttf?v=4.0.1 (::1) 0.42ms
WARNING:root:404 GET /statc/images/logo_f.png (::1) 0.28ms
INFO:rings:{'__utma': '111872281.1767155722.1382641638.1382649963.1382724049.4', '__utmz': '111872281.1382641638.1.1.utmcsr=(direct)|utmccn=(direct)|utmcmd=(none)'}
WARNING:root:404 GET /Escape%20Velocity%20by%20HTML5%20UP_files/style.css (::1) 0.22ms
WARNING:root:404 GET /Escape%20Velocity%20by%20HTML5%20UP_files/style-desktop.css (::1) 0.20ms
WARNING:root:404 GET /Escape%20Velocity%20by%20HTML5%20UP_files/skel.min.js (::1) 0.29ms
WARNING:root:404 GET /static/css/skel-noscript.css (::1) 0.30ms
WARNING:root:404 GET /Escape%20Velocity%20by%20HTML5%20UP_files/pic01.jpg (::1) 0.29ms
WARNING:root:404 GET /Escape%20Velocity%20by%20HTML5%20UP_files/pic03.jpg (::1) 0.61ms
WARNING:root:404 GET /Escape%20Velocity%20by%20HTML5%20UP_files/pic02.jpg (::1) 0.40ms
WARNING:root:404 GET /Escape%20Velocity%20by%20HTML5%20UP_files/pic04.jpg (::1) 0.25ms
WARNING:root:404 GET /Escape%20Velocity%20by%20HTML5%20UP_files/style.css (::1) 0.30ms
WARNING:root:404 GET /Escape%20Velocity%20by%20HTML5%20UP_files/style-desktop.css (::1) 6.96ms
WARNING:root:404 GET /Escape%20Velocity%20by%20HTML5%20UP_files/skel.min.js (::1) 0.28ms
WARNING:root:404 GET /static/css/skel-noscript.css (::1) 0.41ms
WARNING:root:404 GET /Escape%20Velocity%20by%20HTML5%20UP_files/pic01.jpg (::1) 0.27ms
WARNING:root:404 GET /Escape%20Velocity%20by%20HTML5%20UP_files/pic02.jpg (::1) 0.26ms
WARNING:root:404 GET /Escape%20Velocity%20by%20HTML5%20UP_files/pic03.jpg (::1) 0.21ms
WARNING:root:404 GET /Escape%20Velocity%20by%20HTML5%20UP_files/pic04.jpg (::1) 0.27ms
WARNING:root:404 GET /static/images/banner.jpg (::1) 0.41ms
WARNING:root:404 GET /static/images/overlay.png (::1) 0.32ms
WARNING:root:404 GET /statc/images/logo_f.jpg (::1) 0.21ms
WARNING:root:404 GET /static/css/images/overlay.png (::1) 0.34ms
WARNING:root:404 GET /static/css/images/shadow.png (::1) 11.76ms
WARNING:root:404 GET /static/images/shadow.png (::1) 0.42ms
WARNING:root:404 GET /static/css/font/fontawesome-webfont.woff?v=4.0.1 (::1) 0.38ms
WARNING:root:404 GET /static/css/font/fontawesome-webfont.ttf?v=4.0.1 (::1) 0.42ms
WARNING:root:404 GET /statc/images/logo_f.jpg (::1) 0.33ms
INFO:rings:{'__utma': '111872281.1767155722.1382641638.1382649963.1382724049.4', '__utmz': '111872281.1382641638.1.1.utmcsr=(direct)|utmccn=(direct)|utmcmd=(none)'}
WARNING:root:404 GET /Escape%20Velocity%20by%20HTML5%20UP_files/skel.min.js (::1) 0.31ms
WARNING:root:404 GET /Escape%20Velocity%20by%20HTML5%20UP_files/style-desktop.css (::1) 0.60ms
WARNING:root:404 GET /Escape%20Velocity%20by%20HTML5%20UP_files/style.css (::1) 0.19ms
WARNING:root:404 GET /static/css/skel-noscript.css (::1) 0.39ms
WARNING:root:404 GET /Escape%20Velocity%20by%20HTML5%20UP_files/pic04.jpg (::1) 0.28ms
WARNING:root:404 GET /Escape%20Velocity%20by%20HTML5%20UP_files/pic01.jpg (::1) 0.20ms
WARNING:root:404 GET /Escape%20Velocity%20by%20HTML5%20UP_files/pic03.jpg (::1) 0.19ms
WARNING:root:404 GET /Escape%20Velocity%20by%20HTML5%20UP_files/pic02.jpg (::1) 0.20ms
WARNING:root:404 GET /Escape%20Velocity%20by%20HTML5%20UP_files/style.css (::1) 0.27ms
WARNING:root:404 GET /Escape%20Velocity%20by%20HTML5%20UP_files/style-desktop.css (::1) 0.23ms
WARNING:root:404 GET /Escape%20Velocity%20by%20HTML5%20UP_files/skel.min.js (::1) 0.33ms
WARNING:root:404 GET /static/css/skel-noscript.css (::1) 0.54ms
WARNING:root:404 GET /Escape%20Velocity%20by%20HTML5%20UP_files/pic03.jpg (::1) 0.25ms
WARNING:root:404 GET /Escape%20Velocity%20by%20HTML5%20UP_files/pic01.jpg (::1) 0.41ms
WARNING:root:404 GET /Escape%20Velocity%20by%20HTML5%20UP_files/pic02.jpg (::1) 0.22ms
WARNING:root:404 GET /Escape%20Velocity%20by%20HTML5%20UP_files/pic04.jpg (::1) 0.35ms
WARNING:root:404 GET /static/images/banner.jpg (::1) 0.41ms
WARNING:root:404 GET /static/images/overlay.png (::1) 0.48ms
WARNING:root:404 GET /static/css/images/overlay.png (::1) 0.41ms
WARNING:root:404 GET /static/css/images/shadow.png (::1) 0.98ms
WARNING:root:404 GET /static/images/shadow.png (::1) 0.37ms
WARNING:root:404 GET /static/css/font/fontawesome-webfont.woff?v=4.0.1 (::1) 0.38ms
WARNING:root:404 GET /static/css/font/fontawesome-webfont.ttf?v=4.0.1 (::1) 0.48ms
WARNING:root:404 GET /static/css/images/overlay.png (::1) 0.41ms
INFO:rings:{'__utma': '111872281.1767155722.1382641638.1382649963.1382724049.4', '__utmz': '111872281.1382641638.1.1.utmcsr=(direct)|utmccn=(direct)|utmcmd=(none)'}
WARNING:root:404 GET /Escape%20Velocity%20by%20HTML5%20UP_files/style-desktop.css (::1) 0.88ms
WARNING:root:404 GET /Escape%20Velocity%20by%20HTML5%20UP_files/skel.min.js (::1) 0.22ms
WARNING:root:404 GET /static/css/skel-noscript.css (::1) 0.34ms
WARNING:root:404 GET /Escape%20Velocity%20by%20HTML5%20UP_files/style.css (::1) 0.24ms
WARNING:root:404 GET /Escape%20Velocity%20by%20HTML5%20UP_files/pic02.jpg (::1) 0.27ms
WARNING:root:404 GET /Escape%20Velocity%20by%20HTML5%20UP_files/pic01.jpg (::1) 0.20ms
WARNING:root:404 GET /Escape%20Velocity%20by%20HTML5%20UP_files/pic03.jpg (::1) 0.20ms
WARNING:root:404 GET /Escape%20Velocity%20by%20HTML5%20UP_files/pic04.jpg (::1) 0.20ms
WARNING:root:404 GET /static/css/skel-noscript.css (::1) 29.42ms
WARNING:root:404 GET /Escape%20Velocity%20by%20HTML5%20UP_files/pic04.jpg (::1) 0.25ms
WARNING:root:404 GET /static/css/font/fontawesome-webfont.woff?v=4.0.1 (::1) 0.34ms
WARNING:root:404 GET /Escape%20Velocity%20by%20HTML5%20UP_files/pic03.jpg (::1) 0.19ms
WARNING:root:404 GET /static/images/banner.jpg (::1) 0.31ms
WARNING:root:404 GET /Escape%20Velocity%20by%20HTML5%20UP_files/pic01.jpg (::1) 0.20ms
WARNING:root:404 GET /Escape%20Velocity%20by%20HTML5%20UP_files/pic02.jpg (::1) 0.20ms
WARNING:root:404 GET /static/images/overlay.png (::1) 0.79ms
WARNING:root:404 GET /static/css/images/overlay.png (::1) 0.81ms
WARNING:root:404 GET /static/css/images/shadow.png (::1) 0.40ms
WARNING:root:404 GET /static/images/shadow.png (::1) 0.33ms
WARNING:root:404 GET /static/css/font/fontawesome-webfont.ttf?v=4.0.1 (::1) 0.48ms
INFO:rings:{'__utma': '111872281.1767155722.1382641638.1382649963.1382724049.4', '__utmz': '111872281.1382641638.1.1.utmcsr=(direct)|utmccn=(direct)|utmcmd=(none)'}
WARNING:root:404 GET /static/css/skel-noscript.css (::1) 0.53ms
WARNING:root:404 GET /Escape%20Velocity%20by%20HTML5%20UP_files/style.css (::1) 0.22ms
WARNING:root:404 GET /Escape%20Velocity%20by%20HTML5%20UP_files/style-desktop.css (::1) 0.25ms
WARNING:root:404 GET /Escape%20Velocity%20by%20HTML5%20UP_files/skel.min.js (::1) 0.22ms
WARNING:root:404 GET /Escape%20Velocity%20by%20HTML5%20UP_files/pic04.jpg (::1) 0.25ms
WARNING:root:404 GET /Escape%20Velocity%20by%20HTML5%20UP_files/pic01.jpg (::1) 0.20ms
WARNING:root:404 GET /Escape%20Velocity%20by%20HTML5%20UP_files/pic02.jpg (::1) 0.19ms
WARNING:root:404 GET /Escape%20Velocity%20by%20HTML5%20UP_files/pic03.jpg (::1) 0.63ms
WARNING:root:404 GET /Escape%20Velocity%20by%20HTML5%20UP_files/style.css (::1) 0.29ms
WARNING:root:404 GET /Escape%20Velocity%20by%20HTML5%20UP_files/style-desktop.css (::1) 0.19ms
WARNING:root:404 GET /Escape%20Velocity%20by%20HTML5%20UP_files/skel.min.js (::1) 0.22ms
WARNING:root:404 GET /static/css/skel-noscript.css (::1) 0.40ms
WARNING:root:404 GET /Escape%20Velocity%20by%20HTML5%20UP_files/pic01.jpg (::1) 0.37ms
WARNING:root:404 GET /Escape%20Velocity%20by%20HTML5%20UP_files/pic02.jpg (::1) 0.21ms
WARNING:root:404 GET /Escape%20Velocity%20by%20HTML5%20UP_files/pic03.jpg (::1) 0.20ms
WARNING:root:404 GET /Escape%20Velocity%20by%20HTML5%20UP_files/pic04.jpg (::1) 0.20ms
WARNING:root:404 GET /static/css/font/fontawesome-webfont.woff?v=4.0.1 (::1) 1.34ms
WARNING:root:404 GET /static/images/overlay.png (::1) 0.46ms
WARNING:root:404 GET /static/css/images/overlay.png (::1) 0.30ms
WARNING:root:404 GET /static/images/banner.jpg (::1) 0.30ms
WARNING:root:404 GET /static/css/images/shadow.png (::1) 0.32ms
WARNING:root:404 GET /static/images/shadow.png (::1) 0.31ms
WARNING:root:404 GET /static/css/font/fontawesome-webfont.ttf?v=4.0.1 (::1) 0.44ms
INFO:rings:{'__utma': '111872281.1767155722.1382641638.1382649963.1382724049.4', '__utmz': '111872281.1382641638.1.1.utmcsr=(direct)|utmccn=(direct)|utmcmd=(none)'}
WARNING:root:404 GET /Escape%20Velocity%20by%20HTML5%20UP_files/style-desktop.css (::1) 0.28ms
WARNING:root:404 GET /Escape%20Velocity%20by%20HTML5%20UP_files/skel.min.js (::1) 0.19ms
WARNING:root:404 GET /static/css/skel-noscript.css (::1) 0.32ms
WARNING:root:404 GET /Escape%20Velocity%20by%20HTML5%20UP_files/style.css (::1) 0.29ms
WARNING:root:404 GET /Escape%20Velocity%20by%20HTML5%20UP_files/pic04.jpg (::1) 0.26ms
WARNING:root:404 GET /Escape%20Velocity%20by%20HTML5%20UP_files/pic03.jpg (::1) 0.21ms
WARNING:root:404 GET /Escape%20Velocity%20by%20HTML5%20UP_files/pic01.jpg (::1) 0.19ms
WARNING:root:404 GET /Escape%20Velocity%20by%20HTML5%20UP_files/pic02.jpg (::1) 0.19ms
WARNING:root:404 GET /static/css/skel-noscript.css (::1) 0.40ms
WARNING:root:404 GET /Escape%20Velocity%20by%20HTML5%20UP_files/pic01.jpg (::1) 0.26ms
WARNING:root:404 GET /Escape%20Velocity%20by%20HTML5%20UP_files/pic02.jpg (::1) 0.23ms
WARNING:root:404 GET /Escape%20Velocity%20by%20HTML5%20UP_files/pic03.jpg (::1) 0.24ms
WARNING:root:404 GET /Escape%20Velocity%20by%20HTML5%20UP_files/pic04.jpg (::1) 0.27ms
WARNING:root:404 GET /static/images/banner.jpg (::1) 0.41ms
WARNING:root:404 GET /static/images/overlay.png (::1) 0.44ms
WARNING:root:404 GET /static/css/images/overlay.png (::1) 0.36ms
WARNING:root:404 GET /static/css/images/shadow.png (::1) 0.80ms
WARNING:root:404 GET /static/images/shadow.png (::1) 0.36ms
WARNING:root:404 GET /static/css/font/fontawesome-webfont.woff?v=4.0.1 (::1) 0.37ms
WARNING:root:404 GET /static/css/font/fontawesome-webfont.ttf?v=4.0.1 (::1) 3.22ms
INFO:rings:{'__utma': '111872281.1767155722.1382641638.1382649963.1382724049.4', '__utmz': '111872281.1382641638.1.1.utmcsr=(direct)|utmccn=(direct)|utmcmd=(none)'}
WARNING:root:404 GET /Escape%20Velocity%20by%20HTML5%20UP_files/style.css (::1) 0.27ms
WARNING:root:404 GET /static/css/skel-noscript.css (::1) 0.49ms
WARNING:root:404 GET /Escape%20Velocity%20by%20HTML5%20UP_files/skel.min.js (::1) 0.29ms
WARNING:root:404 GET /Escape%20Velocity%20by%20HTML5%20UP_files/style-desktop.css (::1) 0.27ms
WARNING:root:404 GET /Escape%20Velocity%20by%20HTML5%20UP_files/pic04.jpg (::1) 0.23ms
WARNING:root:404 GET /Escape%20Velocity%20by%20HTML5%20UP_files/pic02.jpg (::1) 0.20ms
WARNING:root:404 GET /Escape%20Velocity%20by%20HTML5%20UP_files/pic03.jpg (::1) 0.19ms
WARNING:root:404 GET /Escape%20Velocity%20by%20HTML5%20UP_files/pic01.jpg (::1) 0.20ms
WARNING:root:404 GET /Escape%20Velocity%20by%20HTML5%20UP_files/style.css (::1) 0.27ms
WARNING:root:404 GET /Escape%20Velocity%20by%20HTML5%20UP_files/style-desktop.css (::1) 0.26ms
WARNING:root:404 GET /Escape%20Velocity%20by%20HTML5%20UP_files/skel.min.js (::1) 0.40ms
WARNING:root:404 GET /static/css/skel-noscript.css (::1) 0.41ms
WARNING:root:404 GET /Escape%20Velocity%20by%20HTML5%20UP_files/pic01.jpg (::1) 0.29ms
WARNING:root:404 GET /Escape%20Velocity%20by%20HTML5%20UP_files/pic02.jpg (::1) 0.25ms
WARNING:root:404 GET /Escape%20Velocity%20by%20HTML5%20UP_files/pic03.jpg (::1) 0.28ms
WARNING:root:404 GET /Escape%20Velocity%20by%20HTML5%20UP_files/pic04.jpg (::1) 0.28ms
WARNING:root:404 GET /static/images/banner.jpg (::1) 1.89ms
WARNING:root:404 GET /static/css/images/overlay.png (::1) 0.36ms
WARNING:root:404 GET /static/css/images/shadow.png (::1) 0.77ms
WARNING:root:404 GET /static/images/overlay.png (::1) 0.88ms
WARNING:root:404 GET /static/images/shadow.png (::1) 0.33ms
WARNING:root:404 GET /static/css/font/fontawesome-webfont.woff?v=4.0.1 (::1) 0.30ms
WARNING:root:404 GET /static/css/font/fontawesome-webfont.ttf?v=4.0.1 (::1) 0.44ms
INFO:rings:{'__utma': '111872281.1767155722.1382641638.1382649963.1382724049.4', '__utmz': '111872281.1382641638.1.1.utmcsr=(direct)|utmccn=(direct)|utmcmd=(none)'}
WARNING:root:404 GET /Escape%20Velocity%20by%20HTML5%20UP_files/style.css (::1) 0.42ms
WARNING:root:404 GET /Escape%20Velocity%20by%20HTML5%20UP_files/style-desktop.css (::1) 0.21ms
WARNING:root:404 GET /static/css/skel-noscript.css (::1) 0.38ms
WARNING:root:404 GET /Escape%20Velocity%20by%20HTML5%20UP_files/skel.min.js (::1) 0.19ms
WARNING:root:404 GET /Escape%20Velocity%20by%20HTML5%20UP_files/pic03.jpg (::1) 0.27ms
WARNING:root:404 GET /Escape%20Velocity%20by%20HTML5%20UP_files/pic02.jpg (::1) 0.19ms
WARNING:root:404 GET /Escape%20Velocity%20by%20HTML5%20UP_files/pic04.jpg (::1) 0.19ms
WARNING:root:404 GET /Escape%20Velocity%20by%20HTML5%20UP_files/pic01.jpg (::1) 0.19ms
WARNING:root:404 GET /Escape%20Velocity%20by%20HTML5%20UP_files/style-desktop.css (::1) 0.30ms
WARNING:root:404 GET /Escape%20Velocity%20by%20HTML5%20UP_files/style.css (::1) 0.20ms
WARNING:root:404 GET /Escape%20Velocity%20by%20HTML5%20UP_files/skel.min.js (::1) 0.25ms
WARNING:root:404 GET /static/css/skel-noscript.css (::1) 0.52ms
WARNING:root:404 GET /Escape%20Velocity%20by%20HTML5%20UP_files/pic04.jpg (::1) 0.26ms
WARNING:root:404 GET /Escape%20Velocity%20by%20HTML5%20UP_files/pic02.jpg (::1) 0.34ms
WARNING:root:404 GET /Escape%20Velocity%20by%20HTML5%20UP_files/pic03.jpg (::1) 0.21ms
WARNING:root:404 GET /Escape%20Velocity%20by%20HTML5%20UP_files/pic01.jpg (::1) 1.36ms
WARNING:root:404 GET /static/css/images/overlay.png (::1) 0.50ms
WARNING:root:404 GET /static/css/images/shadow.png (::1) 0.36ms
WARNING:root:404 GET /static/images/shadow.png (::1) 0.29ms
WARNING:root:404 GET /static/images/banner.jpg (::1) 0.29ms
WARNING:root:404 GET /static/images/overlay.png (::1) 0.29ms
WARNING:root:404 GET /static/css/font/fontawesome-webfont.woff?v=4.0.1 (::1) 0.51ms
WARNING:root:404 GET /static/css/font/fontawesome-webfont.ttf?v=4.0.1 (::1) 0.45ms
INFO:rings:{'__utma': '111872281.1767155722.1382641638.1382649963.1382724049.4', '__utmz': '111872281.1382641638.1.1.utmcsr=(direct)|utmccn=(direct)|utmcmd=(none)'}
WARNING:root:404 GET /Escape%20Velocity%20by%20HTML5%20UP_files/style.css (::1) 0.28ms
WARNING:root:404 GET /Escape%20Velocity%20by%20HTML5%20UP_files/style-desktop.css (::1) 0.19ms
WARNING:root:404 GET /Escape%20Velocity%20by%20HTML5%20UP_files/skel.min.js (::1) 0.20ms
WARNING:root:404 GET /static/css/skel-noscript.css (::1) 0.37ms
WARNING:root:404 GET /Escape%20Velocity%20by%20HTML5%20UP_files/pic01.jpg (::1) 0.37ms
WARNING:root:404 GET /Escape%20Velocity%20by%20HTML5%20UP_files/pic03.jpg (::1) 0.22ms
WARNING:root:404 GET /Escape%20Velocity%20by%20HTML5%20UP_files/pic04.jpg (::1) 0.20ms
WARNING:root:404 GET /Escape%20Velocity%20by%20HTML5%20UP_files/pic02.jpg (::1) 0.20ms
WARNING:root:404 GET /Escape%20Velocity%20by%20HTML5%20UP_files/style-desktop.css (::1) 0.28ms
WARNING:root:404 GET /Escape%20Velocity%20by%20HTML5%20UP_files/style.css (::1) 0.20ms
WARNING:root:404 GET /Escape%20Velocity%20by%20HTML5%20UP_files/skel.min.js (::1) 0.23ms
WARNING:root:404 GET /static/css/skel-noscript.css (::1) 0.43ms
WARNING:root:404 GET /Escape%20Velocity%20by%20HTML5%20UP_files/pic01.jpg (::1) 0.26ms
WARNING:root:404 GET /Escape%20Velocity%20by%20HTML5%20UP_files/pic02.jpg (::1) 0.21ms
WARNING:root:404 GET /Escape%20Velocity%20by%20HTML5%20UP_files/pic03.jpg (::1) 0.22ms
WARNING:root:404 GET /Escape%20Velocity%20by%20HTML5%20UP_files/pic04.jpg (::1) 0.20ms
WARNING:root:404 GET /static/images/banner.jpg (::1) 0.42ms
WARNING:root:404 GET /static/images/overlay.png (::1) 0.45ms
WARNING:root:404 GET /static/css/images/overlay.png (::1) 0.41ms
WARNING:root:404 GET /static/css/images/shadow.png (::1) 0.42ms
WARNING:root:404 GET /static/images/shadow.png (::1) 0.41ms
WARNING:root:404 GET /static/css/font/fontawesome-webfont.woff?v=4.0.1 (::1) 0.36ms
WARNING:root:404 GET /static/css/font/fontawesome-webfont.ttf?v=4.0.1 (::1) 0.43ms
INFO:rings:{'__utma': '111872281.1767155722.1382641638.1382649963.1382724049.4', '__utmz': '111872281.1382641638.1.1.utmcsr=(direct)|utmccn=(direct)|utmcmd=(none)'}
WARNING:root:404 GET /Escape%20Velocity%20by%20HTML5%20UP_files/style.css (::1) 0.31ms
WARNING:root:404 GET /static/css/skel-noscript.css (::1) 1.00ms
WARNING:root:404 GET /Escape%20Velocity%20by%20HTML5%20UP_files/style-desktop.css (::1) 0.21ms
WARNING:root:404 GET /Escape%20Velocity%20by%20HTML5%20UP_files/skel.min.js (::1) 0.18ms
WARNING:root:404 GET /Escape%20Velocity%20by%20HTML5%20UP_files/pic03.jpg (::1) 0.65ms
WARNING:root:404 GET /Escape%20Velocity%20by%20HTML5%20UP_files/pic02.jpg (::1) 0.21ms
WARNING:root:404 GET /Escape%20Velocity%20by%20HTML5%20UP_files/pic01.jpg (::1) 0.19ms
WARNING:root:404 GET /Escape%20Velocity%20by%20HTML5%20UP_files/pic04.jpg (::1) 0.19ms
WARNING:root:404 GET /Escape%20Velocity%20by%20HTML5%20UP_files/style.css (::1) 0.28ms
WARNING:root:404 GET /Escape%20Velocity%20by%20HTML5%20UP_files/style-desktop.css (::1) 0.23ms
WARNING:root:404 GET /Escape%20Velocity%20by%20HTML5%20UP_files/skel.min.js (::1) 0.25ms
WARNING:root:404 GET /static/css/skel-noscript.css (::1) 0.41ms
WARNING:root:404 GET /Escape%20Velocity%20by%20HTML5%20UP_files/pic01.jpg (::1) 0.21ms
WARNING:root:404 GET /Escape%20Velocity%20by%20HTML5%20UP_files/pic03.jpg (::1) 0.21ms
WARNING:root:404 GET /Escape%20Velocity%20by%20HTML5%20UP_files/pic02.jpg (::1) 0.19ms
WARNING:root:404 GET /Escape%20Velocity%20by%20HTML5%20UP_files/pic04.jpg (::1) 0.25ms
WARNING:root:404 GET /static/css/images/overlay.png (::1) 0.98ms
WARNING:root:404 GET /static/css/font/fontawesome-webfont.woff?v=4.0.1 (::1) 0.31ms
WARNING:root:404 GET /static/css/images/shadow.png (::1) 0.28ms
WARNING:root:404 GET /static/images/banner.jpg (::1) 0.28ms
WARNING:root:404 GET /static/images/shadow.png (::1) 0.28ms
WARNING:root:404 GET /static/images/overlay.png (::1) 0.28ms
WARNING:root:404 GET /static/css/font/fontawesome-webfont.ttf?v=4.0.1 (::1) 0.44ms
INFO:rings:{'__utma': '111872281.1767155722.1382641638.1382649963.1382724049.4', '__utmz': '111872281.1382641638.1.1.utmcsr=(direct)|utmccn=(direct)|utmcmd=(none)'}
WARNING:root:404 GET /Escape%20Velocity%20by%20HTML5%20UP_files/style.css (::1) 0.25ms
WARNING:root:404 GET /Escape%20Velocity%20by%20HTML5%20UP_files/style-desktop.css (::1) 0.20ms
WARNING:root:404 GET /Escape%20Velocity%20by%20HTML5%20UP_files/skel.min.js (::1) 0.19ms
WARNING:root:404 GET /static/css/skel-noscript.css (::1) 0.40ms
WARNING:root:404 GET /Escape%20Velocity%20by%20HTML5%20UP_files/pic02.jpg (::1) 0.31ms
WARNING:root:404 GET /Escape%20Velocity%20by%20HTML5%20UP_files/pic03.jpg (::1) 0.22ms
WARNING:root:404 GET /Escape%20Velocity%20by%20HTML5%20UP_files/pic04.jpg (::1) 0.22ms
WARNING:root:404 GET /Escape%20Velocity%20by%20HTML5%20UP_files/pic01.jpg (::1) 0.21ms
WARNING:root:404 GET /Escape%20Velocity%20by%20HTML5%20UP_files/style-desktop.css (::1) 0.37ms
WARNING:root:404 GET /Escape%20Velocity%20by%20HTML5%20UP_files/style.css (::1) 0.38ms
WARNING:root:404 GET /Escape%20Velocity%20by%20HTML5%20UP_files/skel.min.js (::1) 0.24ms
WARNING:root:404 GET /static/css/skel-noscript.css (::1) 0.45ms
WARNING:root:404 GET /Escape%20Velocity%20by%20HTML5%20UP_files/pic01.jpg (::1) 0.27ms
WARNING:root:404 GET /static/images/banner.jpg (::1) 0.37ms
WARNING:root:404 GET /Escape%20Velocity%20by%20HTML5%20UP_files/pic02.jpg (::1) 6.10ms
WARNING:root:404 GET /static/css/font/fontawesome-webfont.woff?v=4.0.1 (::1) 0.42ms
WARNING:root:404 GET /Escape%20Velocity%20by%20HTML5%20UP_files/pic03.jpg (::1) 0.21ms
WARNING:root:404 GET /Escape%20Velocity%20by%20HTML5%20UP_files/pic04.jpg (::1) 0.22ms
WARNING:root:404 GET /static/images/overlay.png (::1) 0.43ms
WARNING:root:404 GET /static/css/images/overlay.png (::1) 0.37ms
WARNING:root:404 GET /static/css/images/shadow.png (::1) 1.38ms
WARNING:root:404 GET /static/images/shadow.png (::1) 0.37ms
WARNING:root:404 GET /static/css/font/fontawesome-webfont.ttf?v=4.0.1 (::1) 0.44ms
INFO:rings:{'__utma': '111872281.1767155722.1382641638.1382649963.1382724049.4', '__utmz': '111872281.1382641638.1.1.utmcsr=(direct)|utmccn=(direct)|utmcmd=(none)'}
WARNING:root:404 GET /Escape%20Velocity%20by%20HTML5%20UP_files/style.css (::1) 0.28ms
WARNING:root:404 GET /Escape%20Velocity%20by%20HTML5%20UP_files/style-desktop.css (::1) 0.28ms
WARNING:root:404 GET /Escape%20Velocity%20by%20HTML5%20UP_files/skel.min.js (::1) 0.29ms
WARNING:root:404 GET /static/css/skel-noscript.css (::1) 0.55ms
WARNING:root:404 GET /Escape%20Velocity%20by%20HTML5%20UP_files/pic01.jpg (::1) 0.34ms
WARNING:root:404 GET /Escape%20Velocity%20by%20HTML5%20UP_files/pic02.jpg (::1) 0.32ms
WARNING:root:404 GET /Escape%20Velocity%20by%20HTML5%20UP_files/pic03.jpg (::1) 0.65ms
WARNING:root:404 GET /Escape%20Velocity%20by%20HTML5%20UP_files/pic04.jpg (::1) 0.23ms
WARNING:root:404 GET /Escape%20Velocity%20by%20HTML5%20UP_files/style-desktop.css (::1) 0.26ms
WARNING:root:404 GET /Escape%20Velocity%20by%20HTML5%20UP_files/style.css (::1) 0.19ms
WARNING:root:404 GET /Escape%20Velocity%20by%20HTML5%20UP_files/skel.min.js (::1) 6.25ms
WARNING:root:404 GET /static/css/skel-noscript.css (::1) 48.22ms
WARNING:root:404 GET /Escape%20Velocity%20by%20HTML5%20UP_files/pic01.jpg (::1) 0.31ms
WARNING:root:404 GET /Escape%20Velocity%20by%20HTML5%20UP_files/pic03.jpg (::1) 0.19ms
WARNING:root:404 GET /Escape%20Velocity%20by%20HTML5%20UP_files/pic04.jpg (::1) 0.19ms
WARNING:root:404 GET /Escape%20Velocity%20by%20HTML5%20UP_files/pic02.jpg (::1) 0.20ms
WARNING:root:404 GET /static/css/font/fontawesome-webfont.woff?v=4.0.1 (::1) 0.39ms
WARNING:root:404 GET /static/images/banner.jpg (::1) 0.83ms
WARNING:root:404 GET /static/images/overlay.png (::1) 0.36ms
WARNING:root:404 GET /static/css/images/overlay.png (::1) 0.31ms
WARNING:root:404 GET /static/css/images/shadow.png (::1) 0.30ms
WARNING:root:404 GET /static/images/shadow.png (::1) 25.83ms
WARNING:root:404 GET /static/css/font/fontawesome-webfont.ttf?v=4.0.1 (::1) 0.52ms
INFO:rings:{'__utma': '111872281.1767155722.1382641638.1382649963.1382724049.4', '__utmz': '111872281.1382641638.1.1.utmcsr=(direct)|utmccn=(direct)|utmcmd=(none)'}
WARNING:root:404 GET /Escape%20Velocity%20by%20HTML5%20UP_files/skel.min.js (::1) 0.28ms
WARNING:root:404 GET /static/css/skel-noscript.css (::1) 0.34ms
WARNING:root:404 GET /Escape%20Velocity%20by%20HTML5%20UP_files/style-desktop.css (::1) 0.20ms
WARNING:root:404 GET /Escape%20Velocity%20by%20HTML5%20UP_files/style.css (::1) 0.19ms
WARNING:root:404 GET /Escape%20Velocity%20by%20HTML5%20UP_files/pic03.jpg (::1) 0.28ms
WARNING:root:404 GET /Escape%20Velocity%20by%20HTML5%20UP_files/pic04.jpg (::1) 0.21ms
WARNING:root:404 GET /Escape%20Velocity%20by%20HTML5%20UP_files/pic01.jpg (::1) 0.19ms
WARNING:root:404 GET /Escape%20Velocity%20by%20HTML5%20UP_files/pic02.jpg (::1) 0.20ms
WARNING:root:404 GET /static/css/skel-noscript.css (::1) 0.41ms
WARNING:root:404 GET /Escape%20Velocity%20by%20HTML5%20UP_files/pic01.jpg (::1) 0.27ms
WARNING:root:404 GET /Escape%20Velocity%20by%20HTML5%20UP_files/pic02.jpg (::1) 0.19ms
WARNING:root:404 GET /static/css/font/fontawesome-webfont.woff?v=4.0.1 (::1) 1.39ms
WARNING:root:404 GET /static/images/banner.jpg (::1) 0.38ms
WARNING:root:404 GET /Escape%20Velocity%20by%20HTML5%20UP_files/pic03.jpg (::1) 0.20ms
WARNING:root:404 GET /Escape%20Velocity%20by%20HTML5%20UP_files/pic04.jpg (::1) 0.18ms
WARNING:root:404 GET /static/images/overlay.png (::1) 0.34ms
WARNING:root:404 GET /static/css/images/overlay.png (::1) 0.68ms
WARNING:root:404 GET /static/css/images/shadow.png (::1) 0.29ms
WARNING:root:404 GET /static/images/shadow.png (::1) 0.30ms
WARNING:root:404 GET /static/css/font/fontawesome-webfont.ttf?v=4.0.1 (::1) 0.44ms
INFO:rings:{'__utma': '111872281.1767155722.1382641638.1382649963.1382724049.4', '__utmz': '111872281.1382641638.1.1.utmcsr=(direct)|utmccn=(direct)|utmcmd=(none)'}
WARNING:root:404 GET /Escape%20Velocity%20by%20HTML5%20UP_files/style.css (::1) 0.22ms
WARNING:root:404 GET /Escape%20Velocity%20by%20HTML5%20UP_files/style-desktop.css (::1) 0.20ms
WARNING:root:404 GET /Escape%20Velocity%20by%20HTML5%20UP_files/skel.min.js (::1) 0.19ms
WARNING:root:404 GET /static/css/skel-noscript.css (::1) 0.33ms
WARNING:root:404 GET /Escape%20Velocity%20by%20HTML5%20UP_files/pic01.jpg (::1) 0.56ms
WARNING:root:404 GET /Escape%20Velocity%20by%20HTML5%20UP_files/pic04.jpg (::1) 0.21ms
WARNING:root:404 GET /Escape%20Velocity%20by%20HTML5%20UP_files/pic03.jpg (::1) 0.19ms
WARNING:root:404 GET /Escape%20Velocity%20by%20HTML5%20UP_files/pic02.jpg (::1) 0.19ms
WARNING:root:404 GET /Escape%20Velocity%20by%20HTML5%20UP_files/style.css (::1) 0.30ms
WARNING:root:404 GET /Escape%20Velocity%20by%20HTML5%20UP_files/style-desktop.css (::1) 0.22ms
WARNING:root:404 GET /Escape%20Velocity%20by%20HTML5%20UP_files/skel.min.js (::1) 0.36ms
WARNING:root:404 GET /static/css/skel-noscript.css (::1) 0.46ms
WARNING:root:404 GET /Escape%20Velocity%20by%20HTML5%20UP_files/pic01.jpg (::1) 0.70ms
WARNING:root:404 GET /Escape%20Velocity%20by%20HTML5%20UP_files/pic03.jpg (::1) 0.49ms
WARNING:root:404 GET /Escape%20Velocity%20by%20HTML5%20UP_files/pic04.jpg (::1) 0.22ms
WARNING:root:404 GET /Escape%20Velocity%20by%20HTML5%20UP_files/pic02.jpg (::1) 0.20ms
WARNING:root:404 GET /static/css/images/overlay.png (::1) 0.43ms
WARNING:root:404 GET /static/css/images/shadow.png (::1) 0.50ms
WARNING:root:404 GET /static/images/shadow.png (::1) 7.64ms
WARNING:root:404 GET /static/images/banner.jpg (::1) 0.37ms
WARNING:root:404 GET /static/images/overlay.png (::1) 0.30ms
WARNING:root:404 GET /static/css/font/fontawesome-webfont.woff?v=4.0.1 (::1) 0.33ms
WARNING:root:404 GET /static/css/font/fontawesome-webfont.ttf?v=4.0.1 (::1) 0.43ms
INFO:rings:{'__utma': '111872281.1767155722.1382641638.1382649963.1382724049.4', '__utmz': '111872281.1382641638.1.1.utmcsr=(direct)|utmccn=(direct)|utmcmd=(none)'}
WARNING:root:404 GET /Escape%20Velocity%20by%20HTML5%20UP_files/style.css (::1) 0.28ms
WARNING:root:404 GET /Escape%20Velocity%20by%20HTML5%20UP_files/style-desktop.css (::1) 0.29ms
WARNING:root:404 GET /Escape%20Velocity%20by%20HTML5%20UP_files/skel.min.js (::1) 0.67ms
WARNING:root:404 GET /static/css/skel-noscript.css (::1) 41.25ms
WARNING:root:404 GET /Escape%20Velocity%20by%20HTML5%20UP_files/pic03.jpg (::1) 0.29ms
WARNING:root:404 GET /Escape%20Velocity%20by%20HTML5%20UP_files/pic01.jpg (::1) 0.64ms
WARNING:root:404 GET /Escape%20Velocity%20by%20HTML5%20UP_files/pic02.jpg (::1) 0.22ms
WARNING:root:404 GET /Escape%20Velocity%20by%20HTML5%20UP_files/pic04.jpg (::1) 0.24ms
WARNING:root:404 GET /Escape%20Velocity%20by%20HTML5%20UP_files/style.css (::1) 26.00ms
WARNING:root:404 GET /Escape%20Velocity%20by%20HTML5%20UP_files/style-desktop.css (::1) 0.22ms
WARNING:root:404 GET /Escape%20Velocity%20by%20HTML5%20UP_files/skel.min.js (::1) 0.52ms
WARNING:root:404 GET /static/css/skel-noscript.css (::1) 0.41ms
WARNING:root:404 GET /Escape%20Velocity%20by%20HTML5%20UP_files/pic01.jpg (::1) 0.26ms
WARNING:root:404 GET /Escape%20Velocity%20by%20HTML5%20UP_files/pic02.jpg (::1) 0.33ms
WARNING:root:404 GET /Escape%20Velocity%20by%20HTML5%20UP_files/pic04.jpg (::1) 0.35ms
WARNING:root:404 GET /Escape%20Velocity%20by%20HTML5%20UP_files/pic03.jpg (::1) 0.33ms
WARNING:root:404 GET /static/images/banner.jpg (::1) 0.43ms
WARNING:root:404 GET /static/css/images/overlay.png (::1) 0.33ms
WARNING:root:404 GET /static/css/images/shadow.png (::1) 10.42ms
WARNING:root:404 GET /static/images/overlay.png (::1) 0.47ms
WARNING:root:404 GET /static/css/font/fontawesome-webfont.woff?v=4.0.1 (::1) 0.59ms
WARNING:root:404 GET /static/images/shadow.png (::1) 0.32ms
WARNING:root:404 GET /static/css/font/fontawesome-webfont.ttf?v=4.0.1 (::1) 0.49ms
INFO:rings:{'__utma': '111872281.1767155722.1382641638.1382649963.1382724049.4', '__utmz': '111872281.1382641638.1.1.utmcsr=(direct)|utmccn=(direct)|utmcmd=(none)'}
WARNING:root:404 GET /Escape%20Velocity%20by%20HTML5%20UP_files/style-desktop.css (::1) 0.29ms
WARNING:root:404 GET /Escape%20Velocity%20by%20HTML5%20UP_files/skel.min.js (::1) 0.22ms
WARNING:root:404 GET /Escape%20Velocity%20by%20HTML5%20UP_files/style.css (::1) 0.33ms
WARNING:root:404 GET /static/css/skel-noscript.css (::1) 0.33ms
WARNING:root:404 GET /Escape%20Velocity%20by%20HTML5%20UP_files/pic02.jpg (::1) 7.04ms
WARNING:root:404 GET /Escape%20Velocity%20by%20HTML5%20UP_files/pic03.jpg (::1) 0.25ms
WARNING:root:404 GET /Escape%20Velocity%20by%20HTML5%20UP_files/pic04.jpg (::1) 0.19ms
WARNING:root:404 GET /Escape%20Velocity%20by%20HTML5%20UP_files/style-desktop.css (::1) 0.35ms
WARNING:root:404 GET /Escape%20Velocity%20by%20HTML5%20UP_files/style.css (::1) 0.21ms
WARNING:root:404 GET /Escape%20Velocity%20by%20HTML5%20UP_files/skel.min.js (::1) 0.26ms
WARNING:root:404 GET /static/css/skel-noscript.css (::1) 0.42ms
WARNING:root:404 GET /Escape%20Velocity%20by%20HTML5%20UP_files/pic04.jpg (::1) 0.27ms
WARNING:root:404 GET /Escape%20Velocity%20by%20HTML5%20UP_files/pic02.jpg (::1) 0.19ms
WARNING:root:404 GET /Escape%20Velocity%20by%20HTML5%20UP_files/pic03.jpg (::1) 0.20ms
WARNING:root:404 GET /static/images/banner.jpg (::1) 0.51ms
WARNING:root:404 GET /static/images/overlay.png (::1) 0.43ms
WARNING:root:404 GET /static/css/font/fontawesome-webfont.woff?v=4.0.1 (::1) 0.61ms
WARNING:root:404 GET /static/css/images/shadow.png (::1) 0.31ms
WARNING:root:404 GET /static/images/shadow.png (::1) 0.29ms
WARNING:root:404 GET /static/css/images/overlay.png (::1) 0.29ms
WARNING:root:404 GET /static/css/font/fontawesome-webfont.ttf?v=4.0.1 (::1) 0.54ms
INFO:rings:{'__utma': '111872281.1767155722.1382641638.1382649963.1382724049.4', '__utmz': '111872281.1382641638.1.1.utmcsr=(direct)|utmccn=(direct)|utmcmd=(none)'}
WARNING:root:404 GET /Escape%20Velocity%20by%20HTML5%20UP_files/style.css (::1) 0.36ms
WARNING:root:404 GET /Escape%20Velocity%20by%20HTML5%20UP_files/style-desktop.css (::1) 0.30ms
WARNING:root:404 GET /Escape%20Velocity%20by%20HTML5%20UP_files/skel.min.js (::1) 0.19ms
WARNING:root:404 GET /static/css/skel-noscript.css (::1) 0.45ms
WARNING:root:404 GET /Escape%20Velocity%20by%20HTML5%20UP_files/pic03.jpg (::1) 0.81ms
WARNING:root:404 GET /Escape%20Velocity%20by%20HTML5%20UP_files/pic04.jpg (::1) 0.21ms
WARNING:root:404 GET /Escape%20Velocity%20by%20HTML5%20UP_files/pic02.jpg (::1) 0.19ms
WARNING:root:404 GET /Escape%20Velocity%20by%20HTML5%20UP_files/style.css (::1) 0.26ms
WARNING:root:404 GET /Escape%20Velocity%20by%20HTML5%20UP_files/style-desktop.css (::1) 0.20ms
WARNING:root:404 GET /Escape%20Velocity%20by%20HTML5%20UP_files/skel.min.js (::1) 0.24ms
WARNING:root:404 GET /static/css/skel-noscript.css (::1) 0.68ms
WARNING:root:404 GET /Escape%20Velocity%20by%20HTML5%20UP_files/pic02.jpg (::1) 4.12ms
WARNING:root:404 GET /Escape%20Velocity%20by%20HTML5%20UP_files/pic03.jpg (::1) 0.32ms
WARNING:root:404 GET /Escape%20Velocity%20by%20HTML5%20UP_files/pic04.jpg (::1) 0.21ms
WARNING:root:404 GET /static/images/banner.jpg (::1) 0.42ms
WARNING:root:404 GET /static/css/images/overlay.png (::1) 0.46ms
WARNING:root:404 GET /static/css/images/shadow.png (::1) 0.31ms
WARNING:root:404 GET /static/css/font/fontawesome-webfont.woff?v=4.0.1 (::1) 0.40ms
WARNING:root:404 GET /static/images/overlay.png (::1) 0.39ms
WARNING:root:404 GET /static/images/shadow.png (::1) 0.93ms
WARNING:root:404 GET /static/css/font/fontawesome-webfont.ttf?v=4.0.1 (::1) 1.42ms
INFO:rings:{'__utma': '111872281.1767155722.1382641638.1382649963.1382724049.4', '__utmz': '111872281.1382641638.1.1.utmcsr=(direct)|utmccn=(direct)|utmcmd=(none)'}
WARNING:root:404 GET /Escape%20Velocity%20by%20HTML5%20UP_files/style.css (::1) 0.22ms
WARNING:root:404 GET /Escape%20Velocity%20by%20HTML5%20UP_files/style-desktop.css (::1) 0.19ms
WARNING:root:404 GET /Escape%20Velocity%20by%20HTML5%20UP_files/skel.min.js (::1) 0.20ms
WARNING:root:404 GET /static/css/skel-noscript.css (::1) 0.34ms
WARNING:root:404 GET /Escape%20Velocity%20by%20HTML5%20UP_files/pic03.jpg (::1) 0.29ms
WARNING:root:404 GET /Escape%20Velocity%20by%20HTML5%20UP_files/pic04.jpg (::1) 0.97ms
WARNING:root:404 GET /Escape%20Velocity%20by%20HTML5%20UP_files/pic02.jpg (::1) 0.24ms
WARNING:root:404 GET /Escape%20Velocity%20by%20HTML5%20UP_files/style-desktop.css (::1) 0.31ms
WARNING:root:404 GET /Escape%20Velocity%20by%20HTML5%20UP_files/style.css (::1) 0.22ms
WARNING:root:404 GET /Escape%20Velocity%20by%20HTML5%20UP_files/skel.min.js (::1) 0.29ms
WARNING:root:404 GET /static/css/skel-noscript.css (::1) 7.62ms
WARNING:root:404 GET /Escape%20Velocity%20by%20HTML5%20UP_files/pic02.jpg (::1) 0.86ms
WARNING:root:404 GET /Escape%20Velocity%20by%20HTML5%20UP_files/pic03.jpg (::1) 0.22ms
WARNING:root:404 GET /Escape%20Velocity%20by%20HTML5%20UP_files/pic04.jpg (::1) 0.19ms
WARNING:root:404 GET /static/images/banner.jpg (::1) 0.63ms
WARNING:root:404 GET /static/css/images/shadow.png (::1) 0.93ms
WARNING:root:404 GET /static/images/shadow.png (::1) 0.33ms
WARNING:root:404 GET /static/css/font/fontawesome-webfont.woff?v=4.0.1 (::1) 0.32ms
WARNING:root:404 GET /static/images/overlay.png (::1) 0.34ms
WARNING:root:404 GET /static/css/images/overlay.png (::1) 0.29ms
WARNING:root:404 GET /static/css/font/fontawesome-webfont.ttf?v=4.0.1 (::1) 0.43ms
INFO:rings:{'__utma': '111872281.1767155722.1382641638.1382649963.1382724049.4', '__utmz': '111872281.1382641638.1.1.utmcsr=(direct)|utmccn=(direct)|utmcmd=(none)'}
WARNING:root:404 GET /Escape%20Velocity%20by%20HTML5%20UP_files/style.css (::1) 0.37ms
WARNING:root:404 GET /Escape%20Velocity%20by%20HTML5%20UP_files/style-desktop.css (::1) 0.34ms
WARNING:root:404 GET /Escape%20Velocity%20by%20HTML5%20UP_files/skel.min.js (::1) 0.35ms
WARNING:root:404 GET /static/css/skel-noscript.css (::1) 0.37ms
WARNING:root:404 GET /Escape%20Velocity%20by%20HTML5%20UP_files/pic02.jpg (::1) 0.28ms
WARNING:root:404 GET /Escape%20Velocity%20by%20HTML5%20UP_files/pic03.jpg (::1) 0.20ms
WARNING:root:404 GET /Escape%20Velocity%20by%20HTML5%20UP_files/pic04.jpg (::1) 0.19ms
WARNING:root:404 GET /Escape%20Velocity%20by%20HTML5%20UP_files/style.css (::1) 0.27ms
WARNING:root:404 GET /static/css/skel-noscript.css (::1) 0.41ms
WARNING:root:404 GET /Escape%20Velocity%20by%20HTML5%20UP_files/pic02.jpg (::1) 0.27ms
WARNING:root:404 GET /Escape%20Velocity%20by%20HTML5%20UP_files/pic03.jpg (::1) 8.68ms
WARNING:root:404 GET /Escape%20Velocity%20by%20HTML5%20UP_files/pic04.jpg (::1) 0.36ms
WARNING:root:404 GET /static/images/shadow.png (::1) 0.46ms
WARNING:root:404 GET /static/images/overlay.png (::1) 0.39ms
WARNING:root:404 GET /static/css/images/overlay.png (::1) 0.29ms
WARNING:root:404 GET /static/images/banner.jpg (::1) 24.22ms
WARNING:root:404 GET /static/css/font/fontawesome-webfont.woff?v=4.0.1 (::1) 0.45ms
WARNING:root:404 GET /static/css/images/shadow.png (::1) 0.31ms
WARNING:root:404 GET /static/css/font/fontawesome-webfont.ttf?v=4.0.1 (::1) 0.57ms
INFO:rings:{'__utma': '111872281.1767155722.1382641638.1382649963.1382724049.4', '__utmz': '111872281.1382641638.1.1.utmcsr=(direct)|utmccn=(direct)|utmcmd=(none)'}
WARNING:root:404 GET /Escape%20Velocity%20by%20HTML5%20UP_files/style.css (::1) 0.22ms
WARNING:root:404 GET /Escape%20Velocity%20by%20HTML5%20UP_files/style-desktop.css (::1) 0.28ms
WARNING:root:404 GET /Escape%20Velocity%20by%20HTML5%20UP_files/skel.min.js (::1) 0.24ms
WARNING:root:404 GET /static/css/skel-noscript.css (::1) 0.37ms
WARNING:root:404 GET /Escape%20Velocity%20by%20HTML5%20UP_files/pic02.jpg (::1) 0.32ms
WARNING:root:404 GET /Escape%20Velocity%20by%20HTML5%20UP_files/pic03.jpg (::1) 0.20ms
WARNING:root:404 GET /Escape%20Velocity%20by%20HTML5%20UP_files/pic04.jpg (::1) 0.21ms
WARNING:root:404 GET /Escape%20Velocity%20by%20HTML5%20UP_files/style.css (::1) 0.30ms
WARNING:root:404 GET /Escape%20Velocity%20by%20HTML5%20UP_files/style-desktop.css (::1) 0.29ms
WARNING:root:404 GET /Escape%20Velocity%20by%20HTML5%20UP_files/skel.min.js (::1) 1.25ms
WARNING:root:404 GET /static/css/skel-noscript.css (::1) 1.03ms
WARNING:root:404 GET /Escape%20Velocity%20by%20HTML5%20UP_files/pic04.jpg (::1) 0.25ms
WARNING:root:404 GET /Escape%20Velocity%20by%20HTML5%20UP_files/pic02.jpg (::1) 0.22ms
WARNING:root:404 GET /Escape%20Velocity%20by%20HTML5%20UP_files/pic03.jpg (::1) 0.20ms
WARNING:root:404 GET /static/images/banner.jpg (::1) 0.41ms
WARNING:root:404 GET /static/images/overlay.png (::1) 0.36ms
WARNING:root:404 GET /static/css/images/overlay.png (::1) 0.53ms
WARNING:root:404 GET /static/css/images/shadow.png (::1) 0.32ms
WARNING:root:404 GET /static/images/shadow.png (::1) 0.45ms
WARNING:root:404 GET /static/css/font/fontawesome-webfont.woff?v=4.0.1 (::1) 0.44ms
WARNING:root:404 GET /static/css/font/fontawesome-webfont.ttf?v=4.0.1 (::1) 1.12ms
INFO:rings:{'__utma': '111872281.1767155722.1382641638.1382649963.1382724049.4', '__utmz': '111872281.1382641638.1.1.utmcsr=(direct)|utmccn=(direct)|utmcmd=(none)'}
WARNING:root:404 GET /Escape%20Velocity%20by%20HTML5%20UP_files/style-desktop.css (::1) 0.28ms
WARNING:root:404 GET /Escape%20Velocity%20by%20HTML5%20UP_files/skel.min.js (::1) 0.22ms
WARNING:root:404 GET /Escape%20Velocity%20by%20HTML5%20UP_files/style.css (::1) 0.21ms
WARNING:root:404 GET /static/css/skel-noscript.css (::1) 0.36ms
WARNING:root:404 GET /Escape%20Velocity%20by%20HTML5%20UP_files/pic02.jpg (::1) 0.23ms
WARNING:root:404 GET /Escape%20Velocity%20by%20HTML5%20UP_files/pic03.jpg (::1) 0.19ms
WARNING:root:404 GET /Escape%20Velocity%20by%20HTML5%20UP_files/pic04.jpg (::1) 0.21ms
WARNING:root:404 GET /Escape%20Velocity%20by%20HTML5%20UP_files/style.css (::1) 0.52ms
WARNING:root:404 GET /Escape%20Velocity%20by%20HTML5%20UP_files/style-desktop.css (::1) 0.25ms
WARNING:root:404 GET /Escape%20Velocity%20by%20HTML5%20UP_files/skel.min.js (::1) 0.80ms
WARNING:root:404 GET /static/css/skel-noscript.css (::1) 0.45ms
WARNING:root:404 GET /static/images/overlay.png (::1) 0.41ms
WARNING:root:404 GET /static/images/banner.jpg (::1) 0.30ms
WARNING:root:404 GET /static/css/font/fontawesome-webfont.woff?v=4.0.1 (::1) 0.29ms
WARNING:root:404 GET /Escape%20Velocity%20by%20HTML5%20UP_files/pic03.jpg (::1) 0.20ms
WARNING:root:404 GET /Escape%20Velocity%20by%20HTML5%20UP_files/pic04.jpg (::1) 5.98ms
WARNING:root:404 GET /Escape%20Velocity%20by%20HTML5%20UP_files/pic02.jpg (::1) 0.23ms
WARNING:root:404 GET /static/css/images/overlay.png (::1) 0.45ms
WARNING:root:404 GET /static/css/images/shadow.png (::1) 0.33ms
WARNING:root:404 GET /static/images/shadow.png (::1) 0.29ms
WARNING:root:404 GET /static/css/font/fontawesome-webfont.ttf?v=4.0.1 (::1) 0.48ms
INFO:rings:{'__utma': '111872281.1767155722.1382641638.1382649963.1382724049.4', '__utmz': '111872281.1382641638.1.1.utmcsr=(direct)|utmccn=(direct)|utmcmd=(none)'}
WARNING:root:404 GET /Escape%20Velocity%20by%20HTML5%20UP_files/style.css (::1) 0.32ms
WARNING:root:404 GET /Escape%20Velocity%20by%20HTML5%20UP_files/style-desktop.css (::1) 0.19ms
WARNING:root:404 GET /Escape%20Velocity%20by%20HTML5%20UP_files/skel.min.js (::1) 0.19ms
WARNING:root:404 GET /static/css/skel-noscript.css (::1) 0.30ms
WARNING:root:404 GET /Escape%20Velocity%20by%20HTML5%20UP_files/pic02.jpg (::1) 0.29ms
WARNING:root:404 GET /Escape%20Velocity%20by%20HTML5%20UP_files/pic03.jpg (::1) 0.20ms
WARNING:root:404 GET /Escape%20Velocity%20by%20HTML5%20UP_files/pic04.jpg (::1) 0.21ms
WARNING:root:404 GET /Escape%20Velocity%20by%20HTML5%20UP_files/style.css (::1) 0.40ms
WARNING:root:404 GET /Escape%20Velocity%20by%20HTML5%20UP_files/style-desktop.css (::1) 0.36ms
WARNING:root:404 GET /Escape%20Velocity%20by%20HTML5%20UP_files/skel.min.js (::1) 0.31ms
WARNING:root:404 GET /static/css/skel-noscript.css (::1) 0.33ms
WARNING:root:404 GET /Escape%20Velocity%20by%20HTML5%20UP_files/pic02.jpg (::1) 0.23ms
WARNING:root:404 GET /Escape%20Velocity%20by%20HTML5%20UP_files/pic03.jpg (::1) 0.19ms
WARNING:root:404 GET /Escape%20Velocity%20by%20HTML5%20UP_files/pic04.jpg (::1) 0.26ms
WARNING:root:404 GET /static/css/images/shadow.png (::1) 0.44ms
WARNING:root:404 GET /static/images/shadow.png (::1) 0.32ms
WARNING:root:404 GET /static/css/font/fontawesome-webfont.woff?v=4.0.1 (::1) 0.35ms
WARNING:root:404 GET /static/images/banner.jpg (::1) 0.32ms
WARNING:root:404 GET /static/images/overlay.png (::1) 0.32ms
WARNING:root:404 GET /static/css/images/overlay.png (::1) 0.31ms
WARNING:root:404 GET /static/css/font/fontawesome-webfont.ttf?v=4.0.1 (::1) 4.12ms
INFO:rings:{'__utma': '111872281.1767155722.1382641638.1382649963.1382724049.4', '__utmz': '111872281.1382641638.1.1.utmcsr=(direct)|utmccn=(direct)|utmcmd=(none)'}
WARNING:root:404 GET /Escape%20Velocity%20by%20HTML5%20UP_files/style.css (::1) 7.10ms
WARNING:root:404 GET /Escape%20Velocity%20by%20HTML5%20UP_files/style-desktop.css (::1) 0.26ms
WARNING:root:404 GET /Escape%20Velocity%20by%20HTML5%20UP_files/skel.min.js (::1) 0.19ms
WARNING:root:404 GET /static/css/skel-noscript.css (::1) 0.70ms
WARNING:root:404 GET /Escape%20Velocity%20by%20HTML5%20UP_files/pic02.jpg (::1) 0.22ms
WARNING:root:404 GET /Escape%20Velocity%20by%20HTML5%20UP_files/pic03.jpg (::1) 0.19ms
WARNING:root:404 GET /Escape%20Velocity%20by%20HTML5%20UP_files/pic04.jpg (::1) 0.19ms
WARNING:root:404 GET /Escape%20Velocity%20by%20HTML5%20UP_files/style.css (::1) 0.32ms
WARNING:root:404 GET /Escape%20Velocity%20by%20HTML5%20UP_files/style-desktop.css (::1) 0.31ms
WARNING:root:404 GET /Escape%20Velocity%20by%20HTML5%20UP_files/skel.min.js (::1) 0.31ms
WARNING:root:404 GET /static/css/skel-noscript.css (::1) 0.47ms
WARNING:root:404 GET /Escape%20Velocity%20by%20HTML5%20UP_files/pic02.jpg (::1) 0.81ms
WARNING:root:404 GET /Escape%20Velocity%20by%20HTML5%20UP_files/pic03.jpg (::1) 0.33ms
WARNING:root:404 GET /Escape%20Velocity%20by%20HTML5%20UP_files/pic04.jpg (::1) 0.32ms
WARNING:root:404 GET /static/images/banner.jpg (::1) 0.40ms
WARNING:root:404 GET /static/images/overlay.png (::1) 0.32ms
WARNING:root:404 GET /static/css/images/overlay.png (::1) 0.34ms
WARNING:root:404 GET /static/css/images/shadow.png (::1) 0.39ms
WARNING:root:404 GET /static/images/shadow.png (::1) 0.38ms
WARNING:root:404 GET /static/css/font/fontawesome-webfont.woff?v=4.0.1 (::1) 0.35ms
WARNING:root:404 GET /static/css/font/fontawesome-webfont.ttf?v=4.0.1 (::1) 0.43ms
INFO:rings:{'__utma': '111872281.1767155722.1382641638.1382649963.1382724049.4', '__utmz': '111872281.1382641638.1.1.utmcsr=(direct)|utmccn=(direct)|utmcmd=(none)'}
WARNING:root:404 GET /Escape%20Velocity%20by%20HTML5%20UP_files/skel.min.js (::1) 12.08ms
WARNING:root:404 GET /Escape%20Velocity%20by%20HTML5%20UP_files/style.css (::1) 0.21ms
WARNING:root:404 GET /Escape%20Velocity%20by%20HTML5%20UP_files/style-desktop.css (::1) 0.20ms
WARNING:root:404 GET /static/css/skel-noscript.css (::1) 0.43ms
WARNING:root:404 GET /Escape%20Velocity%20by%20HTML5%20UP_files/pic03.jpg (::1) 0.25ms
WARNING:root:404 GET /Escape%20Velocity%20by%20HTML5%20UP_files/pic02.jpg (::1) 0.20ms
WARNING:root:404 GET /Escape%20Velocity%20by%20HTML5%20UP_files/pic04.jpg (::1) 0.19ms
WARNING:root:404 GET /Escape%20Velocity%20by%20HTML5%20UP_files/style.css (::1) 0.28ms
WARNING:root:404 GET /Escape%20Velocity%20by%20HTML5%20UP_files/style-desktop.css (::1) 0.25ms
WARNING:root:404 GET /Escape%20Velocity%20by%20HTML5%20UP_files/skel.min.js (::1) 0.79ms
WARNING:root:404 GET /static/css/skel-noscript.css (::1) 0.34ms
WARNING:root:404 GET /Escape%20Velocity%20by%20HTML5%20UP_files/pic02.jpg (::1) 0.26ms
WARNING:root:404 GET /Escape%20Velocity%20by%20HTML5%20UP_files/pic03.jpg (::1) 0.33ms
WARNING:root:404 GET /Escape%20Velocity%20by%20HTML5%20UP_files/pic04.jpg (::1) 0.25ms
WARNING:root:404 GET /static/images/overlay.png (::1) 0.51ms
WARNING:root:404 GET /static/css/images/overlay.png (::1) 0.31ms
WARNING:root:404 GET /static/images/shadow.png (::1) 0.45ms
WARNING:root:404 GET /static/images/banner.jpg (::1) 0.30ms
WARNING:root:404 GET /static/css/images/shadow.png (::1) 0.29ms
WARNING:root:404 GET /static/css/font/fontawesome-webfont.woff?v=4.0.1 (::1) 0.70ms
WARNING:root:404 GET /static/css/font/fontawesome-webfont.ttf?v=4.0.1 (::1) 0.45ms
INFO:rings:{'__utma': '111872281.1767155722.1382641638.1382649963.1382724049.4', '__utmz': '111872281.1382641638.1.1.utmcsr=(direct)|utmccn=(direct)|utmcmd=(none)'}
WARNING:root:404 GET /Escape%20Velocity%20by%20HTML5%20UP_files/style.css (::1) 0.20ms
WARNING:root:404 GET /Escape%20Velocity%20by%20HTML5%20UP_files/style-desktop.css (::1) 0.23ms
WARNING:root:404 GET /Escape%20Velocity%20by%20HTML5%20UP_files/skel.min.js (::1) 0.25ms
WARNING:root:404 GET /static/css/skel-noscript.css (::1) 0.41ms
WARNING:root:404 GET /Escape%20Velocity%20by%20HTML5%20UP_files/pic03.jpg (::1) 0.30ms
WARNING:root:404 GET /Escape%20Velocity%20by%20HTML5%20UP_files/pic02.jpg (::1) 0.23ms
WARNING:root:404 GET /Escape%20Velocity%20by%20HTML5%20UP_files/pic04.jpg (::1) 0.40ms
WARNING:root:404 GET /Escape%20Velocity%20by%20HTML5%20UP_files/style.css (::1) 0.31ms
WARNING:root:404 GET /Escape%20Velocity%20by%20HTML5%20UP_files/style-desktop.css (::1) 0.22ms
WARNING:root:404 GET /Escape%20Velocity%20by%20HTML5%20UP_files/skel.min.js (::1) 0.25ms
WARNING:root:404 GET /static/css/skel-noscript.css (::1) 0.31ms
WARNING:root:404 GET /Escape%20Velocity%20by%20HTML5%20UP_files/pic02.jpg (::1) 0.24ms
WARNING:root:404 GET /Escape%20Velocity%20by%20HTML5%20UP_files/pic04.jpg (::1) 0.74ms
WARNING:root:404 GET /Escape%20Velocity%20by%20HTML5%20UP_files/pic03.jpg (::1) 0.20ms
WARNING:root:404 GET /static/images/overlay.png (::1) 6.37ms
WARNING:root:404 GET /static/images/shadow.png (::1) 0.34ms
WARNING:root:404 GET /static/css/font/fontawesome-webfont.woff?v=4.0.1 (::1) 0.44ms
WARNING:root:404 GET /static/images/banner.jpg (::1) 0.30ms
WARNING:root:404 GET /static/css/images/overlay.png (::1) 0.29ms
WARNING:root:404 GET /static/css/images/shadow.png (::1) 0.31ms
WARNING:root:404 GET /static/css/font/fontawesome-webfont.ttf?v=4.0.1 (::1) 7.43ms
INFO:rings:{'__utma': '111872281.1767155722.1382641638.1382649963.1382724049.4', '__utmz': '111872281.1382641638.1.1.utmcsr=(direct)|utmccn=(direct)|utmcmd=(none)'}
WARNING:root:404 GET /Escape%20Velocity%20by%20HTML5%20UP_files/style.css (::1) 0.26ms
WARNING:root:404 GET /Escape%20Velocity%20by%20HTML5%20UP_files/style-desktop.css (::1) 0.97ms
WARNING:root:404 GET /Escape%20Velocity%20by%20HTML5%20UP_files/skel.min.js (::1) 0.22ms
WARNING:root:404 GET /static/css/skel-noscript.css (::1) 0.30ms
WARNING:root:404 GET /Escape%20Velocity%20by%20HTML5%20UP_files/pic03.jpg (::1) 0.34ms
WARNING:root:404 GET /Escape%20Velocity%20by%20HTML5%20UP_files/pic02.jpg (::1) 0.37ms
WARNING:root:404 GET /Escape%20Velocity%20by%20HTML5%20UP_files/pic04.jpg (::1) 0.24ms
WARNING:root:404 GET /Escape%20Velocity%20by%20HTML5%20UP_files/style-desktop.css (::1) 0.37ms
WARNING:root:404 GET /Escape%20Velocity%20by%20HTML5%20UP_files/style.css (::1) 0.21ms
WARNING:root:404 GET /Escape%20Velocity%20by%20HTML5%20UP_files/skel.min.js (::1) 0.31ms
WARNING:root:404 GET /static/css/skel-noscript.css (::1) 0.81ms
WARNING:root:404 GET /Escape%20Velocity%20by%20HTML5%20UP_files/pic02.jpg (::1) 0.23ms
WARNING:root:404 GET /Escape%20Velocity%20by%20HTML5%20UP_files/pic03.jpg (::1) 0.20ms
WARNING:root:404 GET /Escape%20Velocity%20by%20HTML5%20UP_files/pic04.jpg (::1) 0.21ms
WARNING:root:404 GET /static/images/overlay.png (::1) 0.60ms
WARNING:root:404 GET /static/css/images/overlay.png (::1) 0.54ms
WARNING:root:404 GET /static/images/banner.jpg (::1) 0.34ms
WARNING:root:404 GET /static/images/shadow.png (::1) 0.55ms
WARNING:root:404 GET /static/css/images/shadow.png (::1) 0.57ms
WARNING:root:404 GET /static/css/font/fontawesome-webfont.woff?v=4.0.1 (::1) 0.38ms
WARNING:root:404 GET /static/css/font/fontawesome-webfont.ttf?v=4.0.1 (::1) 0.48ms
INFO:rings:{'__utma': '111872281.1767155722.1382641638.1382649963.1382724049.4', '__utmz': '111872281.1382641638.1.1.utmcsr=(direct)|utmccn=(direct)|utmcmd=(none)'}
WARNING:root:404 GET /Escape%20Velocity%20by%20HTML5%20UP_files/style.css (::1) 0.21ms
WARNING:root:404 GET /Escape%20Velocity%20by%20HTML5%20UP_files/style-desktop.css (::1) 0.20ms
WARNING:root:404 GET /Escape%20Velocity%20by%20HTML5%20UP_files/skel.min.js (::1) 0.61ms
WARNING:root:404 GET /static/css/skel-noscript.css (::1) 0.29ms
WARNING:root:404 GET /Escape%20Velocity%20by%20HTML5%20UP_files/pic03.jpg (::1) 34.74ms
WARNING:root:404 GET /Escape%20Velocity%20by%20HTML5%20UP_files/pic02.jpg (::1) 0.26ms
WARNING:root:404 GET /Escape%20Velocity%20by%20HTML5%20UP_files/pic04.jpg (::1) 0.20ms
WARNING:root:404 GET /Escape%20Velocity%20by%20HTML5%20UP_files/style.css (::1) 0.34ms
WARNING:root:404 GET /Escape%20Velocity%20by%20HTML5%20UP_files/style-desktop.css (::1) 0.29ms
WARNING:root:404 GET /Escape%20Velocity%20by%20HTML5%20UP_files/skel.min.js (::1) 0.24ms
WARNING:root:404 GET /static/css/skel-noscript.css (::1) 0.45ms
WARNING:root:404 GET /Escape%20Velocity%20by%20HTML5%20UP_files/pic02.jpg (::1) 0.37ms
WARNING:root:404 GET /Escape%20Velocity%20by%20HTML5%20UP_files/pic03.jpg (::1) 0.34ms
WARNING:root:404 GET /Escape%20Velocity%20by%20HTML5%20UP_files/pic04.jpg (::1) 0.27ms
WARNING:root:404 GET /static/images/overlay.png (::1) 0.48ms
WARNING:root:404 GET /static/images/banner.jpg (::1) 0.30ms
WARNING:root:404 GET /static/css/images/overlay.png (::1) 0.30ms
WARNING:root:404 GET /static/images/shadow.png (::1) 0.43ms
WARNING:root:404 GET /static/css/font/fontawesome-webfont.woff?v=4.0.1 (::1) 0.39ms
WARNING:root:404 GET /static/css/images/shadow.png (::1) 0.64ms
WARNING:root:404 GET /static/css/font/fontawesome-webfont.ttf?v=4.0.1 (::1) 0.44ms
INFO:rings:{'__utma': '111872281.1767155722.1382641638.1382649963.1382724049.4', '__utmz': '111872281.1382641638.1.1.utmcsr=(direct)|utmccn=(direct)|utmcmd=(none)'}
WARNING:root:404 GET /Escape%20Velocity%20by%20HTML5%20UP_files/style.css (::1) 0.23ms
WARNING:root:404 GET /Escape%20Velocity%20by%20HTML5%20UP_files/style-desktop.css (::1) 0.20ms
WARNING:root:404 GET /Escape%20Velocity%20by%20HTML5%20UP_files/skel.min.js (::1) 0.19ms
WARNING:root:404 GET /static/css/skel-noscript.css (::1) 0.33ms
WARNING:root:404 GET /Escape%20Velocity%20by%20HTML5%20UP_files/pic02.jpg (::1) 0.37ms
WARNING:root:404 GET /Escape%20Velocity%20by%20HTML5%20UP_files/pic04.jpg (::1) 0.33ms
WARNING:root:404 GET /Escape%20Velocity%20by%20HTML5%20UP_files/pic03.jpg (::1) 0.21ms
WARNING:root:404 GET /Escape%20Velocity%20by%20HTML5%20UP_files/style.css (::1) 0.29ms
WARNING:root:404 GET /Escape%20Velocity%20by%20HTML5%20UP_files/style-desktop.css (::1) 0.28ms
WARNING:root:404 GET /Escape%20Velocity%20by%20HTML5%20UP_files/skel.min.js (::1) 0.26ms
WARNING:root:404 GET /static/css/skel-noscript.css (::1) 0.40ms
WARNING:root:404 GET /Escape%20Velocity%20by%20HTML5%20UP_files/pic02.jpg (::1) 0.21ms
WARNING:root:404 GET /Escape%20Velocity%20by%20HTML5%20UP_files/pic03.jpg (::1) 0.20ms
WARNING:root:404 GET /Escape%20Velocity%20by%20HTML5%20UP_files/pic04.jpg (::1) 0.61ms
WARNING:root:404 GET /static/images/banner.jpg (::1) 0.41ms
WARNING:root:404 GET /static/images/overlay.png (::1) 0.82ms
WARNING:root:404 GET /static/css/images/overlay.png (::1) 0.41ms
WARNING:root:404 GET /static/css/images/shadow.png (::1) 0.46ms
WARNING:root:404 GET /static/images/shadow.png (::1) 0.36ms
WARNING:root:404 GET /static/css/font/fontawesome-webfont.woff?v=4.0.1 (::1) 0.58ms
WARNING:root:404 GET /static/css/font/fontawesome-webfont.ttf?v=4.0.1 (::1) 0.55ms
WARNING:root:404 GET /Escape%20Velocity%20by%20HTML5%20UP_files/pic02.jpg (::1) 0.29ms
INFO:rings:{'__utma': '111872281.1767155722.1382641638.1382649963.1382724049.4', '__utmz': '111872281.1382641638.1.1.utmcsr=(direct)|utmccn=(direct)|utmcmd=(none)'}
WARNING:root:404 GET /Escape%20Velocity%20by%20HTML5%20UP_files/style.css (::1) 6.35ms
WARNING:root:404 GET /Escape%20Velocity%20by%20HTML5%20UP_files/style-desktop.css (::1) 0.33ms
WARNING:root:404 GET /Escape%20Velocity%20by%20HTML5%20UP_files/skel.min.js (::1) 0.29ms
WARNING:root:404 GET /static/css/skel-noscript.css (::1) 0.50ms
WARNING:root:404 GET /Escape%20Velocity%20by%20HTML5%20UP_files/pic04.jpg (::1) 0.29ms
WARNING:root:404 GET /Escape%20Velocity%20by%20HTML5%20UP_files/style-desktop.css (::1) 0.27ms
WARNING:root:404 GET /Escape%20Velocity%20by%20HTML5%20UP_files/style.css (::1) 39.02ms
WARNING:root:404 GET /Escape%20Velocity%20by%20HTML5%20UP_files/skel.min.js (::1) 0.28ms
WARNING:root:404 GET /static/css/skel-noscript.css (::1) 0.46ms
WARNING:root:404 GET /Escape%20Velocity%20by%20HTML5%20UP_files/pic04.jpg (::1) 0.31ms
WARNING:root:404 GET /static/images/banner.jpg (::1) 0.45ms
WARNING:root:404 GET /static/images/overlay.png (::1) 0.90ms
WARNING:root:404 GET /static/css/images/overlay.png (::1) 0.42ms
WARNING:root:404 GET /static/css/images/shadow.png (::1) 0.45ms
WARNING:root:404 GET /static/images/shadow.png (::1) 0.38ms
WARNING:root:404 GET /static/css/font/fontawesome-webfont.woff?v=4.0.1 (::1) 0.37ms
WARNING:root:404 GET /static/css/font/fontawesome-webfont.ttf?v=4.0.1 (::1) 0.41ms
INFO:rings:{'__utma': '111872281.1767155722.1382641638.1382649963.1382724049.4', '__utmz': '111872281.1382641638.1.1.utmcsr=(direct)|utmccn=(direct)|utmcmd=(none)'}
WARNING:root:404 GET /Escape%20Velocity%20by%20HTML5%20UP_files/style.css (::1) 0.22ms
WARNING:root:404 GET /Escape%20Velocity%20by%20HTML5%20UP_files/style-desktop.css (::1) 0.20ms
WARNING:root:404 GET /Escape%20Velocity%20by%20HTML5%20UP_files/skel.min.js (::1) 0.19ms
WARNING:root:404 GET /static/css/skel-noscript.css (::1) 0.31ms
WARNING:root:404 GET /Escape%20Velocity%20by%20HTML5%20UP_files/pic04.jpg (::1) 0.31ms
WARNING:root:404 GET /Escape%20Velocity%20by%20HTML5%20UP_files/style.css (::1) 0.35ms
WARNING:root:404 GET /Escape%20Velocity%20by%20HTML5%20UP_files/style-desktop.css (::1) 0.21ms
WARNING:root:404 GET /Escape%20Velocity%20by%20HTML5%20UP_files/skel.min.js (::1) 0.26ms
WARNING:root:404 GET /static/css/skel-noscript.css (::1) 0.33ms
WARNING:root:404 GET /Escape%20Velocity%20by%20HTML5%20UP_files/pic04.jpg (::1) 0.22ms
WARNING:root:404 GET /static/images/overlay.png (::1) 0.42ms
WARNING:root:404 GET /static/images/banner.jpg (::1) 0.30ms
WARNING:root:404 GET /static/css/images/overlay.png (::1) 0.51ms
WARNING:root:404 GET /static/css/images/shadow.png (::1) 0.40ms
WARNING:root:404 GET /static/images/shadow.png (::1) 24.89ms
WARNING:root:404 GET /static/css/font/fontawesome-webfont.woff?v=4.0.1 (::1) 0.44ms
WARNING:root:404 GET /static/css/font/fontawesome-webfont.ttf?v=4.0.1 (::1) 1.10ms
INFO:rings:{'__utma': '111872281.1767155722.1382641638.1382649963.1382724049.4', '__utmz': '111872281.1382641638.1.1.utmcsr=(direct)|utmccn=(direct)|utmcmd=(none)'}
WARNING:root:404 GET /Escape%20Velocity%20by%20HTML5%20UP_files/skel.min.js (::1) 8.61ms
WARNING:root:404 GET /Escape%20Velocity%20by%20HTML5%20UP_files/style-desktop.css (::1) 0.29ms
WARNING:root:404 GET /static/css/skel-noscript.css (::1) 0.36ms
WARNING:root:404 GET /Escape%20Velocity%20by%20HTML5%20UP_files/style.css (::1) 0.22ms
WARNING:root:404 GET /Escape%20Velocity%20by%20HTML5%20UP_files/pic04.jpg (::1) 0.34ms
WARNING:root:404 GET /Escape%20Velocity%20by%20HTML5%20UP_files/style.css (::1) 0.26ms
WARNING:root:404 GET /Escape%20Velocity%20by%20HTML5%20UP_files/style-desktop.css (::1) 0.22ms
WARNING:root:404 GET /Escape%20Velocity%20by%20HTML5%20UP_files/skel.min.js (::1) 0.22ms
WARNING:root:404 GET /static/css/skel-noscript.css (::1) 0.57ms
WARNING:root:404 GET /Escape%20Velocity%20by%20HTML5%20UP_files/pic04.jpg (::1) 0.27ms
WARNING:root:404 GET /static/images/shadow.png (::1) 0.42ms
WARNING:root:404 GET /static/images/overlay.png (::1) 0.29ms
WARNING:root:404 GET /static/css/images/overlay.png (::1) 0.30ms
WARNING:root:404 GET /static/images/banner.jpg (::1) 0.29ms
WARNING:root:404 GET /static/css/images/shadow.png (::1) 0.42ms
WARNING:root:404 GET /static/css/font/fontawesome-webfont.woff?v=4.0.1 (::1) 0.35ms
WARNING:root:404 GET /static/css/font/fontawesome-webfont.ttf?v=4.0.1 (::1) 0.45ms
INFO:rings:{'__utma': '111872281.1767155722.1382641638.1382649963.1382724049.4', '__utmz': '111872281.1382641638.1.1.utmcsr=(direct)|utmccn=(direct)|utmcmd=(none)'}
WARNING:root:404 GET /Escape%20Velocity%20by%20HTML5%20UP_files/style.css (::1) 1.29ms
WARNING:root:404 GET /Escape%20Velocity%20by%20HTML5%20UP_files/style-desktop.css (::1) 0.21ms
WARNING:root:404 GET /Escape%20Velocity%20by%20HTML5%20UP_files/skel.min.js (::1) 6.16ms
WARNING:root:404 GET /static/css/skel-noscript.css (::1) 0.33ms
WARNING:root:404 GET /Escape%20Velocity%20by%20HTML5%20UP_files/pic04.jpg (::1) 0.41ms
WARNING:root:404 GET /Escape%20Velocity%20by%20HTML5%20UP_files/style.css (::1) 0.27ms
WARNING:root:404 GET /Escape%20Velocity%20by%20HTML5%20UP_files/style-desktop.css (::1) 0.20ms
WARNING:root:404 GET /Escape%20Velocity%20by%20HTML5%20UP_files/skel.min.js (::1) 0.44ms
WARNING:root:404 GET /static/css/skel-noscript.css (::1) 0.44ms
WARNING:root:404 GET /Escape%20Velocity%20by%20HTML5%20UP_files/pic04.jpg (::1) 0.20ms
WARNING:root:404 GET /static/css/images/shadow.png (::1) 0.44ms
WARNING:root:404 GET /static/images/shadow.png (::1) 0.32ms
WARNING:root:404 GET /static/images/overlay.png (::1) 0.29ms
WARNING:root:404 GET /static/images/banner.jpg (::1) 0.29ms
WARNING:root:404 GET /static/css/images/overlay.png (::1) 0.29ms
WARNING:root:404 GET /static/css/font/fontawesome-webfont.woff?v=4.0.1 (::1) 0.44ms
WARNING:root:404 GET /static/css/font/fontawesome-webfont.ttf?v=4.0.1 (::1) 0.46ms
INFO:rings:{'__utma': '111872281.1767155722.1382641638.1382649963.1382724049.4', '__utmz': '111872281.1382641638.1.1.utmcsr=(direct)|utmccn=(direct)|utmcmd=(none)'}
WARNING:root:404 GET /Escape%20Velocity%20by%20HTML5%20UP_files/style.css (::1) 0.26ms
WARNING:root:404 GET /Escape%20Velocity%20by%20HTML5%20UP_files/style-desktop.css (::1) 0.27ms
WARNING:root:404 GET /Escape%20Velocity%20by%20HTML5%20UP_files/skel.min.js (::1) 0.19ms
WARNING:root:404 GET /static/css/skel-noscript.css (::1) 0.30ms
WARNING:root:404 GET /Escape%20Velocity%20by%20HTML5%20UP_files/pic04.jpg (::1) 0.32ms
WARNING:root:404 GET /Escape%20Velocity%20by%20HTML5%20UP_files/style-desktop.css (::1) 0.29ms
WARNING:root:404 GET /Escape%20Velocity%20by%20HTML5%20UP_files/style.css (::1) 0.33ms
WARNING:root:404 GET /Escape%20Velocity%20by%20HTML5%20UP_files/skel.min.js (::1) 0.26ms
WARNING:root:404 GET /static/css/skel-noscript.css (::1) 0.43ms
WARNING:root:404 GET /Escape%20Velocity%20by%20HTML5%20UP_files/pic04.jpg (::1) 0.25ms
WARNING:root:404 GET /static/css/font/fontawesome-webfont.woff?v=4.0.1 (::1) 0.93ms
WARNING:root:404 GET /static/images/overlay.png (::1) 0.34ms
WARNING:root:404 GET /static/images/banner.jpg (::1) 0.33ms
WARNING:root:404 GET /static/css/images/shadow.png (::1) 0.31ms
WARNING:root:404 GET /static/css/images/overlay.png (::1) 0.34ms
WARNING:root:404 GET /static/images/shadow.png (::1) 0.31ms
WARNING:root:404 GET /static/css/font/fontawesome-webfont.ttf?v=4.0.1 (::1) 0.76ms
INFO:rings:{'__utma': '111872281.1767155722.1382641638.1382649963.1382724049.4', '__utmz': '111872281.1382641638.1.1.utmcsr=(direct)|utmccn=(direct)|utmcmd=(none)'}
WARNING:root:404 GET /Escape%20Velocity%20by%20HTML5%20UP_files/style.css (::1) 0.28ms
WARNING:root:404 GET /Escape%20Velocity%20by%20HTML5%20UP_files/style-desktop.css (::1) 0.32ms
WARNING:root:404 GET /Escape%20Velocity%20by%20HTML5%20UP_files/skel.min.js (::1) 0.20ms
WARNING:root:404 GET /static/css/skel-noscript.css (::1) 0.35ms
WARNING:root:404 GET /Escape%20Velocity%20by%20HTML5%20UP_files/style.css (::1) 0.29ms
WARNING:root:404 GET /Escape%20Velocity%20by%20HTML5%20UP_files/style-desktop.css (::1) 0.26ms
WARNING:root:404 GET /Escape%20Velocity%20by%20HTML5%20UP_files/skel.min.js (::1) 0.33ms
WARNING:root:404 GET /static/css/skel-noscript.css (::1) 0.87ms
WARNING:root:404 GET /static/images/banner.jpg (::1) 0.42ms
WARNING:root:404 GET /static/images/overlay.png (::1) 0.42ms
WARNING:root:404 GET /static/css/images/overlay.png (::1) 0.40ms
WARNING:root:404 GET /static/css/images/shadow.png (::1) 0.31ms
WARNING:root:404 GET /static/images/shadow.png (::1) 0.33ms
WARNING:root:404 GET /static/css/font/fontawesome-webfont.woff?v=4.0.1 (::1) 0.32ms
WARNING:root:404 GET /static/css/font/fontawesome-webfont.ttf?v=4.0.1 (::1) 0.43ms
INFO:rings:{'__utma': '111872281.1767155722.1382641638.1382649963.1382724049.4', '__utmz': '111872281.1382641638.1.1.utmcsr=(direct)|utmccn=(direct)|utmcmd=(none)'}
WARNING:root:404 GET /Escape%20Velocity%20by%20HTML5%20UP_files/style.css (::1) 0.30ms
WARNING:root:404 GET /Escape%20Velocity%20by%20HTML5%20UP_files/skel.min.js (::1) 0.27ms
WARNING:root:404 GET /static/css/skel-noscript.css (::1) 0.35ms
WARNING:root:404 GET /Escape%20Velocity%20by%20HTML5%20UP_files/style-desktop.css (::1) 0.22ms
WARNING:root:404 GET /Escape%20Velocity%20by%20HTML5%20UP_files/style-desktop.css (::1) 0.27ms
WARNING:root:404 GET /Escape%20Velocity%20by%20HTML5%20UP_files/style.css (::1) 0.19ms
WARNING:root:404 GET /Escape%20Velocity%20by%20HTML5%20UP_files/skel.min.js (::1) 0.25ms
WARNING:root:404 GET /static/css/skel-noscript.css (::1) 0.48ms
WARNING:root:404 GET /static/images/banner.jpg (::1) 0.43ms
WARNING:root:404 GET /static/css/images/overlay.png (::1) 0.77ms
WARNING:root:404 GET /static/images/overlay.png (::1) 0.35ms
WARNING:root:404 GET /static/css/images/shadow.png (::1) 0.32ms
WARNING:root:404 GET /static/images/shadow.png (::1) 0.29ms
WARNING:root:404 GET /static/css/font/fontawesome-webfont.woff?v=4.0.1 (::1) 0.31ms
WARNING:root:404 GET /static/css/font/fontawesome-webfont.ttf?v=4.0.1 (::1) 0.53ms
INFO:rings:{}
WARNING:root:404 GET /Escape%20Velocity%20by%20HTML5%20UP_files/style.css (::1) 0.37ms
WARNING:root:404 GET /Escape%20Velocity%20by%20HTML5%20UP_files/style-desktop.css (::1) 0.36ms
WARNING:root:404 GET /Escape%20Velocity%20by%20HTML5%20UP_files/skel.min.js (::1) 0.24ms
WARNING:root:404 GET /static/css/skel-noscript.css (::1) 0.50ms
WARNING:root:404 GET /Escape%20Velocity%20by%20HTML5%20UP_files/style.css (::1) 0.28ms
WARNING:root:404 GET /Escape%20Velocity%20by%20HTML5%20UP_files/style-desktop.css (::1) 0.22ms
WARNING:root:404 GET /Escape%20Velocity%20by%20HTML5%20UP_files/skel.min.js (::1) 0.34ms
WARNING:root:404 GET /static/css/skel-noscript.css (::1) 0.44ms
WARNING:root:404 GET /static/css/images/overlay.png (::1) 0.44ms
WARNING:root:404 GET /static/css/images/shadow.png (::1) 0.35ms
WARNING:root:404 GET /static/css/font/fontawesome-webfont.woff?v=4.0.1 (::1) 0.40ms
WARNING:root:404 GET /static/images/banner.jpg (::1) 0.31ms
WARNING:root:404 GET /static/images/overlay.png (::1) 0.35ms
WARNING:root:404 GET /static/images/shadow.png (::1) 0.29ms
WARNING:root:404 GET /static/css/font/fontawesome-webfont.ttf?v=4.0.1 (::1) 0.44ms
